[2025-04-02T09:50:28.205Z] system: Logs directory created. No previous transactions found.
{"id":"a690fdf53294","timestamp":"2026-01-16T11:32:48.933Z","action":"worker online","message":"Worker 1 (pid 443) is online.","scope":"system","severity":"info","actorId":null,"targetId":null,"tags":["cluster"],"workerId":443,"kind":"event","webhookStatus":"skipped"}
{"id":"48b31b7bbca6","timestamp":"2026-01-17T15:08:06.791Z","action":"worker online","message":"Worker 1 (pid 16401) is online.","scope":"system","severity":"info","actorId":null,"targetId":null,"tags":["cluster"],"workerId":16401,"kind":"event","webhookStatus":"skipped"}
{"id":"13c9448261ad","timestamp":"2026-01-17T15:08:40.913Z","action":"workers reboot","message":"Recycling workers after change in config.yaml.","scope":"system","severity":"warn","actorId":null,"targetId":null,"tags":["cluster","reload"],"workerId":16339,"kind":"event","webhookStatus":"skipped"}
{"id":"15446e6f571a","timestamp":"2026-01-17T15:08:40.918Z","action":"worker exit","message":"Worker 16401 exited (code unknown, signal SIGTERM).","scope":"system","severity":"error","actorId":null,"targetId":null,"tags":["cluster"],"workerId":16401,"kind":"event","webhookStatus":"skipped"}
{"id":"f4816c67feeb","timestamp":"2026-01-17T15:08:40.920Z","action":"worker fork","message":"Spawned replacement worker 2 (pid 16610).","scope":"system","severity":"info","actorId":null,"targetId":null,"tags":["cluster"],"workerId":16610,"kind":"event","webhookStatus":"skipped"}
{"id":"a0533ac644cc","timestamp":"2026-01-17T15:08:40.937Z","action":"worker online","message":"Worker 2 (pid 16610) is online.","scope":"system","severity":"info","actorId":null,"targetId":null,"tags":["cluster"],"workerId":16610,"kind":"event","webhookStatus":"skipped"}
{"id":"273e23abfd48","timestamp":"2026-01-17T15:08:52.084Z","action":"workers reboot","message":"Recycling workers after change in config.yaml.","scope":"system","severity":"warn","actorId":null,"targetId":null,"tags":["cluster","reload"],"workerId":16339,"kind":"event","webhookStatus":"skipped"}
{"id":"2e73e357e37e","timestamp":"2026-01-17T15:08:52.088Z","action":"worker exit","message":"Worker 16610 exited (code unknown, signal SIGTERM).","scope":"system","severity":"error","actorId":null,"targetId":null,"tags":["cluster"],"workerId":16610,"kind":"event","webhookStatus":"skipped"}
{"id":"b92ade442680","timestamp":"2026-01-17T15:08:52.090Z","action":"worker fork","message":"Spawned replacement worker 3 (pid 16750).","scope":"system","severity":"info","actorId":null,"targetId":null,"tags":["cluster"],"workerId":16750,"kind":"event","webhookStatus":"skipped"}
{"id":"883d2844bae5","timestamp":"2026-01-17T15:08:52.107Z","action":"worker online","message":"Worker 3 (pid 16750) is online.","scope":"system","severity":"info","actorId":null,"targetId":null,"tags":["cluster"],"workerId":16750,"kind":"event","webhookStatus":"skipped"}
{"id":"31ed40014546","timestamp":"2026-01-17T15:09:54.756Z","action":"workers reboot","message":"Recycling workers after change in config.yaml.","scope":"system","severity":"warn","actorId":null,"targetId":null,"tags":["cluster","reload"],"workerId":16339,"kind":"event","webhookStatus":"skipped"}
{"id":"22d45d1e26f0","timestamp":"2026-01-17T15:09:54.761Z","action":"worker exit","message":"Worker 16750 exited (code unknown, signal SIGTERM).","scope":"system","severity":"error","actorId":null,"targetId":null,"tags":["cluster"],"workerId":16750,"kind":"event","webhookStatus":"skipped"}
{"id":"373b47eed789","timestamp":"2026-01-17T15:09:54.763Z","action":"worker fork","message":"Spawned replacement worker 4 (pid 17083).","scope":"system","severity":"info","actorId":null,"targetId":null,"tags":["cluster"],"workerId":17083,"kind":"event","webhookStatus":"skipped"}
{"id":"db6f42a7f4f6","timestamp":"2026-01-17T15:09:54.779Z","action":"worker online","message":"Worker 4 (pid 17083) is online.","scope":"system","severity":"info","actorId":null,"targetId":null,"tags":["cluster"],"workerId":17083,"kind":"event","webhookStatus":"skipped"}
{"id":"a7afe8daf31b","timestamp":"2026-01-17T15:11:35.677Z","action":"workers reboot","message":"Recycling workers after change in modules/oauth2.js.","scope":"system","severity":"warn","actorId":null,"targetId":null,"tags":["cluster","reload"],"workerId":16339,"kind":"event","webhookStatus":"skipped"}
{"id":"844ccba72fd7","timestamp":"2026-01-17T15:11:35.683Z","action":"worker exit","message":"Worker 17083 exited (code unknown, signal SIGTERM).","scope":"system","severity":"error","actorId":null,"targetId":null,"tags":["cluster"],"workerId":17083,"kind":"event","webhookStatus":"skipped"}
{"id":"de519269648c","timestamp":"2026-01-17T15:11:35.684Z","action":"worker fork","message":"Spawned replacement worker 5 (pid 18103).","scope":"system","severity":"info","actorId":null,"targetId":null,"tags":["cluster"],"workerId":18103,"kind":"event","webhookStatus":"skipped"}
{"id":"eb3b8cc7dd38","timestamp":"2026-01-17T15:11:35.700Z","action":"worker online","message":"Worker 5 (pid 18103) is online.","scope":"system","severity":"info","actorId":null,"targetId":null,"tags":["cluster"],"workerId":18103,"kind":"event","webhookStatus":"skipped"}
{"id":"0b083b03cb2e","timestamp":"2026-01-17T15:13:24.529Z","action":"workers reboot","message":"Recycling workers after change in config.yaml.","scope":"system","severity":"warn","actorId":null,"targetId":null,"tags":["cluster","reload"],"workerId":16339,"kind":"event","webhookStatus":"skipped"}
{"id":"940020dd8aa7","timestamp":"2026-01-17T15:13:24.535Z","action":"worker exit","message":"Worker 18103 exited (code unknown, signal SIGTERM).","scope":"system","severity":"error","actorId":null,"targetId":null,"tags":["cluster"],"workerId":18103,"kind":"event","webhookStatus":"skipped"}
{"id":"99aa7fdfcdff","timestamp":"2026-01-17T15:13:24.537Z","action":"worker fork","message":"Spawned replacement worker 6 (pid 19053).","scope":"system","severity":"info","actorId":null,"targetId":null,"tags":["cluster"],"workerId":19053,"kind":"event","webhookStatus":"skipped"}
{"id":"9885ff712c02","timestamp":"2026-01-17T15:13:24.553Z","action":"worker online","message":"Worker 6 (pid 19053) is online.","scope":"system","severity":"info","actorId":null,"targetId":null,"tags":["cluster"],"workerId":19053,"kind":"event","webhookStatus":"skipped"}
{"id":"78720b5b6381","timestamp":"2026-01-17T15:29:58.273Z","action":"workers reboot","message":"Recycling workers after change in config.yaml.","scope":"system","severity":"warn","actorId":null,"targetId":null,"tags":["cluster","reload"],"workerId":16339,"kind":"event","webhookStatus":"skipped"}
{"id":"a712cd6a05af","timestamp":"2026-01-17T15:29:58.281Z","action":"worker exit","message":"Worker 19053 exited (code unknown, signal SIGTERM).","scope":"system","severity":"error","actorId":null,"targetId":null,"tags":["cluster"],"workerId":19053,"kind":"event","webhookStatus":"skipped"}
{"id":"0012b81eab41","timestamp":"2026-01-17T15:29:58.313Z","action":"worker fork","message":"Spawned replacement worker 7 (pid 20492).","scope":"system","severity":"info","actorId":null,"targetId":null,"tags":["cluster"],"workerId":20492,"kind":"event","webhookStatus":"skipped"}
{"id":"e7ba713f6800","timestamp":"2026-01-17T15:29:58.373Z","action":"worker online","message":"Worker 7 (pid 20492) is online.","scope":"system","severity":"info","actorId":null,"targetId":null,"tags":["cluster"],"workerId":20492,"kind":"event","webhookStatus":"skipped"}
{"id":"5137834c13ff","timestamp":"2026-01-17T16:00:22.691Z","action":"workers reboot","message":"Recycling workers after change in modules/oauth2.js.","scope":"system","severity":"warn","actorId":null,"targetId":null,"tags":["cluster","reload"],"workerId":16339,"kind":"event","webhookStatus":"skipped"}
{"id":"990cef70287e","timestamp":"2026-01-17T16:00:22.700Z","action":"worker exit","message":"Worker 20492 exited (code unknown, signal SIGTERM).","scope":"system","severity":"error","actorId":null,"targetId":null,"tags":["cluster"],"workerId":20492,"kind":"event","webhookStatus":"skipped"}
{"id":"d97ca781ada5","timestamp":"2026-01-17T16:00:22.725Z","action":"worker fork","message":"Spawned replacement worker 8 (pid 25280).","scope":"system","severity":"info","actorId":null,"targetId":null,"tags":["cluster"],"workerId":25280,"kind":"event","webhookStatus":"skipped"}
{"id":"7a8199391859","timestamp":"2026-01-17T16:00:22.777Z","action":"worker online","message":"Worker 8 (pid 25280) is online.","scope":"system","severity":"info","actorId":null,"targetId":null,"tags":["cluster"],"workerId":25280,"kind":"event","webhookStatus":"skipped"}
{"id":"6f7f8e16f43a","timestamp":"2026-01-17T16:10:10.682Z","action":"workers reboot","message":"Recycling workers after change in config.yaml.","scope":"system","severity":"warn","actorId":null,"targetId":null,"tags":["cluster","reload"],"workerId":16339,"kind":"event","webhookStatus":"skipped"}
{"id":"a00d5bb63210","timestamp":"2026-01-17T16:10:10.688Z","action":"worker exit","message":"Worker 25280 exited (code unknown, signal SIGTERM).","scope":"system","severity":"error","actorId":null,"targetId":null,"tags":["cluster"],"workerId":25280,"kind":"event","webhookStatus":"skipped"}
{"id":"d9cb79e8fa93","timestamp":"2026-01-17T16:10:10.690Z","action":"worker fork","message":"Spawned replacement worker 9 (pid 28190).","scope":"system","severity":"info","actorId":null,"targetId":null,"tags":["cluster"],"workerId":28190,"kind":"event","webhookStatus":"skipped"}
{"id":"6d8b956628dc","timestamp":"2026-01-17T16:10:10.706Z","action":"worker online","message":"Worker 9 (pid 28190) is online.","scope":"system","severity":"info","actorId":null,"targetId":null,"tags":["cluster"],"workerId":28190,"kind":"event","webhookStatus":"skipped"}
{"id":"1cebfa3cb0b6","timestamp":"2026-01-17T16:10:27.818Z","action":"workers reboot","message":"Recycling workers after change in config.yaml.","scope":"system","severity":"warn","actorId":null,"targetId":null,"tags":["cluster","reload"],"workerId":16339,"kind":"event","webhookStatus":"skipped"}
{"id":"ce3bd2e6cf23","timestamp":"2026-01-17T16:10:27.822Z","action":"worker exit","message":"Worker 28190 exited (code unknown, signal SIGTERM).","scope":"system","severity":"error","actorId":null,"targetId":null,"tags":["cluster"],"workerId":28190,"kind":"event","webhookStatus":"skipped"}
{"id":"c212933f3b21","timestamp":"2026-01-17T16:10:27.825Z","action":"worker fork","message":"Spawned replacement worker 10 (pid 28398).","scope":"system","severity":"info","actorId":null,"targetId":null,"tags":["cluster"],"workerId":28398,"kind":"event","webhookStatus":"skipped"}
{"id":"46dcb99ce929","timestamp":"2026-01-17T16:10:27.860Z","action":"worker online","message":"Worker 10 (pid 28398) is online.","scope":"system","severity":"info","actorId":null,"targetId":null,"tags":["cluster"],"workerId":28398,"kind":"event","webhookStatus":"skipped"}
{"id":"01f700eb77ba","timestamp":"2026-01-17T16:10:57.257Z","action":"workers reboot","message":"Recycling workers after change in config.yaml.","scope":"system","severity":"warn","actorId":null,"targetId":null,"tags":["cluster","reload"],"workerId":16339,"kind":"event","webhookStatus":"skipped"}
{"id":"61a79499f3c3","timestamp":"2026-01-17T16:10:57.262Z","action":"worker exit","message":"Worker 28398 exited (code unknown, signal SIGTERM).","scope":"system","severity":"error","actorId":null,"targetId":null,"tags":["cluster"],"workerId":28398,"kind":"event","webhookStatus":"skipped"}
{"id":"abec4affac98","timestamp":"2026-01-17T16:10:57.263Z","action":"worker fork","message":"Spawned replacement worker 11 (pid 28774).","scope":"system","severity":"info","actorId":null,"targetId":null,"tags":["cluster"],"workerId":28774,"kind":"event","webhookStatus":"skipped"}
{"id":"649d8adc4cc3","timestamp":"2026-01-17T16:10:57.281Z","action":"worker online","message":"Worker 11 (pid 28774) is online.","scope":"system","severity":"info","actorId":null,"targetId":null,"tags":["cluster"],"workerId":28774,"kind":"event","webhookStatus":"skipped"}
{"id":"d4c59348c204","timestamp":"2026-01-17T16:12:06.887Z","action":"worker online","message":"Worker 1 (pid 30793) is online.","scope":"system","severity":"info","actorId":null,"targetId":null,"tags":["cluster"],"workerId":30793,"kind":"event","webhookStatus":"skipped"}
{"id":"f593da1ab475","timestamp":"2026-01-18T02:49:30.600Z","action":"workers reboot","message":"Recycling workers after change in config.yaml.","scope":"system","severity":"warn","actorId":null,"targetId":null,"tags":["cluster","reload"],"workerId":30719,"kind":"event","webhookStatus":"skipped"}
{"id":"14e9fe15f568","timestamp":"2026-01-18T02:49:30.612Z","action":"worker exit","message":"Worker 30793 exited (code unknown, signal SIGTERM).","scope":"system","severity":"error","actorId":null,"targetId":null,"tags":["cluster"],"workerId":30793,"kind":"event","webhookStatus":"skipped"}
{"id":"d8df2ace1f14","timestamp":"2026-01-18T02:49:30.650Z","action":"worker fork","message":"Spawned replacement worker 2 (pid 32724).","scope":"system","severity":"info","actorId":null,"targetId":null,"tags":["cluster"],"workerId":32724,"kind":"event","webhookStatus":"skipped"}
{"id":"d2fdae67865d","timestamp":"2026-01-18T02:49:30.675Z","action":"worker online","message":"Worker 2 (pid 32724) is online.","scope":"system","severity":"info","actorId":null,"targetId":null,"tags":["cluster"],"workerId":32724,"kind":"event","webhookStatus":"skipped"}
{"id":"ffb09f1f896e","timestamp":"2026-01-18T02:49:57.925Z","action":"workers reboot","message":"Recycling workers after change in config.yaml.","scope":"system","severity":"warn","actorId":null,"targetId":null,"tags":["cluster","reload"],"workerId":30719,"kind":"event","webhookStatus":"skipped"}
{"id":"66588cb8549f","timestamp":"2026-01-18T02:49:57.930Z","action":"worker exit","message":"Worker 32724 exited (code unknown, signal SIGTERM).","scope":"system","severity":"error","actorId":null,"targetId":null,"tags":["cluster"],"workerId":32724,"kind":"event","webhookStatus":"skipped"}
{"id":"c0c97b6e04ff","timestamp":"2026-01-18T02:49:57.932Z","action":"worker fork","message":"Spawned replacement worker 3 (pid 692).","scope":"system","severity":"info","actorId":null,"targetId":null,"tags":["cluster"],"workerId":692,"kind":"event","webhookStatus":"skipped"}
{"id":"cee141e76ef6","timestamp":"2026-01-18T02:49:57.950Z","action":"worker online","message":"Worker 3 (pid 692) is online.","scope":"system","severity":"info","actorId":null,"targetId":null,"tags":["cluster"],"workerId":692,"kind":"event","webhookStatus":"skipped"}
{"id":"e2daac0080e9","timestamp":"2026-01-18T02:49:58.204Z","action":"worker exit","message":"Worker 692 exited (code 1, signal none).","scope":"system","severity":"error","actorId":null,"targetId":null,"tags":["cluster"],"workerId":692,"kind":"event","webhookStatus":"skipped"}
{"id":"6d6f361d0bc8","timestamp":"2026-01-18T02:49:58.206Z","action":"worker fork","message":"Spawned replacement worker 4 (pid 707).","scope":"system","severity":"info","actorId":null,"targetId":null,"tags":["cluster"],"workerId":707,"kind":"event","webhookStatus":"skipped"}
{"id":"55cf498077cb","timestamp":"2026-01-18T02:49:58.225Z","action":"worker online","message":"Worker 4 (pid 707) is online.","scope":"system","severity":"info","actorId":null,"targetId":null,"tags":["cluster"],"workerId":707,"kind":"event","webhookStatus":"skipped"}
{"id":"1bdf9f59a579","timestamp":"2026-01-18T02:49:58.458Z","action":"worker exit","message":"Worker 707 exited (code 1, signal none).","scope":"system","severity":"error","actorId":null,"targetId":null,"tags":["cluster"],"workerId":707,"kind":"event","webhookStatus":"skipped"}
{"id":"6d3f3afebf09","timestamp":"2026-01-18T02:49:58.460Z","action":"worker fork","message":"Spawned replacement worker 5 (pid 716).","scope":"system","severity":"info","actorId":null,"targetId":null,"tags":["cluster"],"workerId":716,"kind":"event","webhookStatus":"skipped"}
{"id":"ba6fdef39857","timestamp":"2026-01-18T02:49:58.477Z","action":"worker online","message":"Worker 5 (pid 716) is online.","scope":"system","severity":"info","actorId":null,"targetId":null,"tags":["cluster"],"workerId":716,"kind":"event","webhookStatus":"skipped"}
{"id":"d681442c137d","timestamp":"2026-01-18T02:49:58.790Z","action":"worker exit","message":"Worker 716 exited (code 1, signal none).","scope":"system","severity":"error","actorId":null,"targetId":null,"tags":["cluster"],"workerId":716,"kind":"event","webhookStatus":"skipped"}
{"id":"d1727c90c85b","timestamp":"2026-01-18T02:49:58.792Z","action":"worker fork","message":"Spawned replacement worker 6 (pid 729).","scope":"system","severity":"info","actorId":null,"targetId":null,"tags":["cluster"],"workerId":729,"kind":"event","webhookStatus":"skipped"}
{"id":"5d8c9c10e151","timestamp":"2026-01-18T02:49:58.812Z","action":"worker online","message":"Worker 6 (pid 729) is online.","scope":"system","severity":"info","actorId":null,"targetId":null,"tags":["cluster"],"workerId":729,"kind":"event","webhookStatus":"skipped"}
{"id":"96d44016a265","timestamp":"2026-01-18T02:49:59.091Z","action":"worker exit","message":"Worker 729 exited (code 1, signal none).","scope":"system","severity":"error","actorId":null,"targetId":null,"tags":["cluster"],"workerId":729,"kind":"event","webhookStatus":"skipped"}
{"id":"76696ac9cb0f","timestamp":"2026-01-18T02:49:59.093Z","action":"worker fork","message":"Spawned replacement worker 7 (pid 749).","scope":"system","severity":"info","actorId":null,"targetId":null,"tags":["cluster"],"workerId":749,"kind":"event","webhookStatus":"skipped"}
{"id":"57f724f3c989","timestamp":"2026-01-18T02:49:59.110Z","action":"worker online","message":"Worker 7 (pid 749) is online.","scope":"system","severity":"info","actorId":null,"targetId":null,"tags":["cluster"],"workerId":749,"kind":"event","webhookStatus":"skipped"}
{"id":"7c0d7786519d","timestamp":"2026-01-18T02:49:59.338Z","action":"worker exit","message":"Worker 749 exited (code 1, signal none).","scope":"system","severity":"error","actorId":null,"targetId":null,"tags":["cluster"],"workerId":749,"kind":"event","webhookStatus":"skipped"}
{"id":"f6c7c849e122","timestamp":"2026-01-18T02:49:59.340Z","action":"worker fork","message":"Spawned replacement worker 8 (pid 759).","scope":"system","severity":"info","actorId":null,"targetId":null,"tags":["cluster"],"workerId":759,"kind":"event","webhookStatus":"skipped"}
{"id":"1f63b273c072","timestamp":"2026-01-18T02:49:59.363Z","action":"worker online","message":"Worker 8 (pid 759) is online.","scope":"system","severity":"info","actorId":null,"targetId":null,"tags":["cluster"],"workerId":759,"kind":"event","webhookStatus":"skipped"}
{"id":"6793b0ad548f","timestamp":"2026-01-18T02:49:59.593Z","action":"worker exit","message":"Worker 759 exited (code 1, signal none).","scope":"system","severity":"error","actorId":null,"targetId":null,"tags":["cluster"],"workerId":759,"kind":"event","webhookStatus":"skipped"}
{"id":"c64d57b07fec","timestamp":"2026-01-18T02:49:59.595Z","action":"worker fork","message":"Spawned replacement worker 9 (pid 767).","scope":"system","severity":"info","actorId":null,"targetId":null,"tags":["cluster"],"workerId":767,"kind":"event","webhookStatus":"skipped"}
{"id":"1b9fcbe294c9","timestamp":"2026-01-18T02:49:59.612Z","action":"worker online","message":"Worker 9 (pid 767) is online.","scope":"system","severity":"info","actorId":null,"targetId":null,"tags":["cluster"],"workerId":767,"kind":"event","webhookStatus":"skipped"}
{"id":"dce9f97a5aa9","timestamp":"2026-01-18T02:49:59.837Z","action":"worker exit","message":"Worker 767 exited (code 1, signal none).","scope":"system","severity":"error","actorId":null,"targetId":null,"tags":["cluster"],"workerId":767,"kind":"event","webhookStatus":"skipped"}
{"id":"924095cb602a","timestamp":"2026-01-18T02:49:59.840Z","action":"worker fork","message":"Spawned replacement worker 10 (pid 774).","scope":"system","severity":"info","actorId":null,"targetId":null,"tags":["cluster"],"workerId":774,"kind":"event","webhookStatus":"skipped"}
{"id":"5f85e6f21cd8","timestamp":"2026-01-18T02:49:59.857Z","action":"worker online","message":"Worker 10 (pid 774) is online.","scope":"system","severity":"info","actorId":null,"targetId":null,"tags":["cluster"],"workerId":774,"kind":"event","webhookStatus":"skipped"}
{"id":"7b28bcde56d2","timestamp":"2026-01-18T02:50:00.086Z","action":"worker exit","message":"Worker 774 exited (code 1, signal none).","scope":"system","severity":"error","actorId":null,"targetId":null,"tags":["cluster"],"workerId":774,"kind":"event","webhookStatus":"skipped"}
{"id":"d134a97b08f5","timestamp":"2026-01-18T02:50:00.087Z","action":"worker fork","message":"Spawned replacement worker 11 (pid 790).","scope":"system","severity":"info","actorId":null,"targetId":null,"tags":["cluster"],"workerId":790,"kind":"event","webhookStatus":"skipped"}
{"id":"61cdc1c0904b","timestamp":"2026-01-18T02:50:00.116Z","action":"worker online","message":"Worker 11 (pid 790) is online.","scope":"system","severity":"info","actorId":null,"targetId":null,"tags":["cluster"],"workerId":790,"kind":"event","webhookStatus":"skipped"}
{"id":"05ad72ae1e7c","timestamp":"2026-01-18T02:50:00.341Z","action":"worker exit","message":"Worker 790 exited (code 1, signal none).","scope":"system","severity":"error","actorId":null,"targetId":null,"tags":["cluster"],"workerId":790,"kind":"event","webhookStatus":"skipped"}
{"id":"ec2d67740c04","timestamp":"2026-01-18T02:50:00.343Z","action":"worker fork","message":"Spawned replacement worker 12 (pid 797).","scope":"system","severity":"info","actorId":null,"targetId":null,"tags":["cluster"],"workerId":797,"kind":"event","webhookStatus":"skipped"}
{"id":"03d35c183d24","timestamp":"2026-01-18T02:50:00.360Z","action":"worker online","message":"Worker 12 (pid 797) is online.","scope":"system","severity":"info","actorId":null,"targetId":null,"tags":["cluster"],"workerId":797,"kind":"event","webhookStatus":"skipped"}
{"id":"24a636913944","timestamp":"2026-01-18T02:50:00.582Z","action":"worker exit","message":"Worker 797 exited (code 1, signal none).","scope":"system","severity":"error","actorId":null,"targetId":null,"tags":["cluster"],"workerId":797,"kind":"event","webhookStatus":"skipped"}
{"id":"9ed7d80915ef","timestamp":"2026-01-18T02:50:00.584Z","action":"worker fork","message":"Spawned replacement worker 13 (pid 804).","scope":"system","severity":"info","actorId":null,"targetId":null,"tags":["cluster"],"workerId":804,"kind":"event","webhookStatus":"skipped"}
{"id":"86b5d24fdd0a","timestamp":"2026-01-18T02:50:00.601Z","action":"worker online","message":"Worker 13 (pid 804) is online.","scope":"system","severity":"info","actorId":null,"targetId":null,"tags":["cluster"],"workerId":804,"kind":"event","webhookStatus":"skipped"}
{"id":"236a35839e7f","timestamp":"2026-01-18T02:50:00.830Z","action":"worker exit","message":"Worker 804 exited (code 1, signal none).","scope":"system","severity":"error","actorId":null,"targetId":null,"tags":["cluster"],"workerId":804,"kind":"event","webhookStatus":"skipped"}
{"id":"edd36aa391e2","timestamp":"2026-01-18T02:50:00.832Z","action":"worker fork","message":"Spawned replacement worker 14 (pid 811).","scope":"system","severity":"info","actorId":null,"targetId":null,"tags":["cluster"],"workerId":811,"kind":"event","webhookStatus":"skipped"}
{"id":"53a205a68175","timestamp":"2026-01-18T02:50:00.850Z","action":"worker online","message":"Worker 14 (pid 811) is online.","scope":"system","severity":"info","actorId":null,"targetId":null,"tags":["cluster"],"workerId":811,"kind":"event","webhookStatus":"skipped"}
{"id":"e9db28dcd6eb","timestamp":"2026-01-18T02:50:01.093Z","action":"worker exit","message":"Worker 811 exited (code 1, signal none).","scope":"system","severity":"error","actorId":null,"targetId":null,"tags":["cluster"],"workerId":811,"kind":"event","webhookStatus":"skipped"}
{"id":"bdb3398b780f","timestamp":"2026-01-18T02:50:01.095Z","action":"worker fork","message":"Spawned replacement worker 15 (pid 827).","scope":"system","severity":"info","actorId":null,"targetId":null,"tags":["cluster"],"workerId":827,"kind":"event","webhookStatus":"skipped"}
{"id":"e1f43f29226c","timestamp":"2026-01-18T02:50:01.111Z","action":"worker online","message":"Worker 15 (pid 827) is online.","scope":"system","severity":"info","actorId":null,"targetId":null,"tags":["cluster"],"workerId":827,"kind":"event","webhookStatus":"skipped"}
{"id":"0ceaa3b481aa","timestamp":"2026-01-18T02:50:01.339Z","action":"worker exit","message":"Worker 827 exited (code 1, signal none).","scope":"system","severity":"error","actorId":null,"targetId":null,"tags":["cluster"],"workerId":827,"kind":"event","webhookStatus":"skipped"}
{"id":"f9fc8d8576c6","timestamp":"2026-01-18T02:50:01.341Z","action":"worker fork","message":"Spawned replacement worker 16 (pid 839).","scope":"system","severity":"info","actorId":null,"targetId":null,"tags":["cluster"],"workerId":839,"kind":"event","webhookStatus":"skipped"}
{"id":"7cd490d037d4","timestamp":"2026-01-18T02:50:01.359Z","action":"worker online","message":"Worker 16 (pid 839) is online.","scope":"system","severity":"info","actorId":null,"targetId":null,"tags":["cluster"],"workerId":839,"kind":"event","webhookStatus":"skipped"}
{"id":"d408dda5fa7f","timestamp":"2026-01-18T02:50:01.580Z","action":"worker exit","message":"Worker 839 exited (code 1, signal none).","scope":"system","severity":"error","actorId":null,"targetId":null,"tags":["cluster"],"workerId":839,"kind":"event","webhookStatus":"skipped"}
{"id":"a2c39f71817d","timestamp":"2026-01-18T02:50:01.582Z","action":"worker fork","message":"Spawned replacement worker 17 (pid 846).","scope":"system","severity":"info","actorId":null,"targetId":null,"tags":["cluster"],"workerId":846,"kind":"event","webhookStatus":"skipped"}
{"id":"3e979c925f63","timestamp":"2026-01-18T02:50:01.601Z","action":"worker online","message":"Worker 17 (pid 846) is online.","scope":"system","severity":"info","actorId":null,"targetId":null,"tags":["cluster"],"workerId":846,"kind":"event","webhookStatus":"skipped"}
{"id":"e08511d907e4","timestamp":"2026-01-18T02:50:01.824Z","action":"worker exit","message":"Worker 846 exited (code 1, signal none).","scope":"system","severity":"error","actorId":null,"targetId":null,"tags":["cluster"],"workerId":846,"kind":"event","webhookStatus":"skipped"}
{"id":"90098cd31cff","timestamp":"2026-01-18T02:50:01.832Z","action":"worker fork","message":"Spawned replacement worker 18 (pid 853).","scope":"system","severity":"info","actorId":null,"targetId":null,"tags":["cluster"],"workerId":853,"kind":"event","webhookStatus":"skipped"}
{"id":"465b78966782","timestamp":"2026-01-18T02:50:01.857Z","action":"worker online","message":"Worker 18 (pid 853) is online.","scope":"system","severity":"info","actorId":null,"targetId":null,"tags":["cluster"],"workerId":853,"kind":"event","webhookStatus":"skipped"}
{"id":"60ca693195bb","timestamp":"2026-01-18T02:50:02.089Z","action":"worker exit","message":"Worker 853 exited (code 1, signal none).","scope":"system","severity":"error","actorId":null,"targetId":null,"tags":["cluster"],"workerId":853,"kind":"event","webhookStatus":"skipped"}
{"id":"e74d14e1f1fe","timestamp":"2026-01-18T02:50:02.091Z","action":"worker fork","message":"Spawned replacement worker 19 (pid 860).","scope":"system","severity":"info","actorId":null,"targetId":null,"tags":["cluster"],"workerId":860,"kind":"event","webhookStatus":"skipped"}
{"id":"aa4f46820bce","timestamp":"2026-01-18T02:50:02.117Z","action":"worker online","message":"Worker 19 (pid 860) is online.","scope":"system","severity":"info","actorId":null,"targetId":null,"tags":["cluster"],"workerId":860,"kind":"event","webhookStatus":"skipped"}
{"id":"c0f61d46f6d0","timestamp":"2026-01-18T02:50:02.342Z","action":"worker exit","message":"Worker 860 exited (code 1, signal none).","scope":"system","severity":"error","actorId":null,"targetId":null,"tags":["cluster"],"workerId":860,"kind":"event","webhookStatus":"skipped"}
{"id":"3f14723ae34f","timestamp":"2026-01-18T02:50:02.344Z","action":"worker fork","message":"Spawned replacement worker 20 (pid 867).","scope":"system","severity":"info","actorId":null,"targetId":null,"tags":["cluster"],"workerId":867,"kind":"event","webhookStatus":"skipped"}
{"id":"89ce717c963c","timestamp":"2026-01-18T02:50:02.361Z","action":"worker online","message":"Worker 20 (pid 867) is online.","scope":"system","severity":"info","actorId":null,"targetId":null,"tags":["cluster"],"workerId":867,"kind":"event","webhookStatus":"skipped"}
{"id":"a60d9c4cd120","timestamp":"2026-01-18T02:50:02.585Z","action":"worker exit","message":"Worker 867 exited (code 1, signal none).","scope":"system","severity":"error","actorId":null,"targetId":null,"tags":["cluster"],"workerId":867,"kind":"event","webhookStatus":"skipped"}
{"id":"6a2c784f6af6","timestamp":"2026-01-18T02:50:02.587Z","action":"worker fork","message":"Spawned replacement worker 21 (pid 874).","scope":"system","severity":"info","actorId":null,"targetId":null,"tags":["cluster"],"workerId":874,"kind":"event","webhookStatus":"skipped"}
{"id":"0f328d8c3f31","timestamp":"2026-01-18T02:50:02.603Z","action":"worker online","message":"Worker 21 (pid 874) is online.","scope":"system","severity":"info","actorId":null,"targetId":null,"tags":["cluster"],"workerId":874,"kind":"event","webhookStatus":"skipped"}
{"id":"8749bf272b4b","timestamp":"2026-01-18T02:50:02.830Z","action":"worker exit","message":"Worker 874 exited (code 1, signal none).","scope":"system","severity":"error","actorId":null,"targetId":null,"tags":["cluster"],"workerId":874,"kind":"event","webhookStatus":"skipped"}
{"id":"95a759169d3b","timestamp":"2026-01-18T02:50:02.832Z","action":"worker fork","message":"Spawned replacement worker 22 (pid 881).","scope":"system","severity":"info","actorId":null,"targetId":null,"tags":["cluster"],"workerId":881,"kind":"event","webhookStatus":"skipped"}
{"id":"029f4ab99b73","timestamp":"2026-01-18T02:50:02.849Z","action":"worker online","message":"Worker 22 (pid 881) is online.","scope":"system","severity":"info","actorId":null,"targetId":null,"tags":["cluster"],"workerId":881,"kind":"event","webhookStatus":"skipped"}
{"id":"3f3c7cdddd97","timestamp":"2026-01-18T02:50:03.103Z","action":"worker exit","message":"Worker 881 exited (code 1, signal none).","scope":"system","severity":"error","actorId":null,"targetId":null,"tags":["cluster"],"workerId":881,"kind":"event","webhookStatus":"skipped"}
{"id":"4af00dcf2c09","timestamp":"2026-01-18T02:50:03.105Z","action":"worker fork","message":"Spawned replacement worker 23 (pid 891).","scope":"system","severity":"info","actorId":null,"targetId":null,"tags":["cluster"],"workerId":891,"kind":"event","webhookStatus":"skipped"}
{"id":"6fd6e0c0699e","timestamp":"2026-01-18T02:50:03.132Z","action":"worker online","message":"Worker 23 (pid 891) is online.","scope":"system","severity":"info","actorId":null,"targetId":null,"tags":["cluster"],"workerId":891,"kind":"event","webhookStatus":"skipped"}
{"id":"fdea86c3ddeb","timestamp":"2026-01-18T02:50:03.353Z","action":"worker exit","message":"Worker 891 exited (code 1, signal none).","scope":"system","severity":"error","actorId":null,"targetId":null,"tags":["cluster"],"workerId":891,"kind":"event","webhookStatus":"skipped"}
{"id":"49acd46f297a","timestamp":"2026-01-18T02:50:03.355Z","action":"worker fork","message":"Spawned replacement worker 24 (pid 902).","scope":"system","severity":"info","actorId":null,"targetId":null,"tags":["cluster"],"workerId":902,"kind":"event","webhookStatus":"skipped"}
{"id":"28a7535b3dd4","timestamp":"2026-01-18T02:50:03.371Z","action":"worker online","message":"Worker 24 (pid 902) is online.","scope":"system","severity":"info","actorId":null,"targetId":null,"tags":["cluster"],"workerId":902,"kind":"event","webhookStatus":"skipped"}
{"id":"79f9db3121eb","timestamp":"2026-01-18T02:50:03.594Z","action":"worker exit","message":"Worker 902 exited (code 1, signal none).","scope":"system","severity":"error","actorId":null,"targetId":null,"tags":["cluster"],"workerId":902,"kind":"event","webhookStatus":"skipped"}
{"id":"a27b71cf9759","timestamp":"2026-01-18T02:50:03.595Z","action":"worker fork","message":"Spawned replacement worker 25 (pid 909).","scope":"system","severity":"info","actorId":null,"targetId":null,"tags":["cluster"],"workerId":909,"kind":"event","webhookStatus":"skipped"}
{"id":"09d35de6166a","timestamp":"2026-01-18T02:50:03.612Z","action":"worker online","message":"Worker 25 (pid 909) is online.","scope":"system","severity":"info","actorId":null,"targetId":null,"tags":["cluster"],"workerId":909,"kind":"event","webhookStatus":"skipped"}
{"id":"7ba12d18f7e5","timestamp":"2026-01-18T02:50:03.832Z","action":"worker exit","message":"Worker 909 exited (code 1, signal none).","scope":"system","severity":"error","actorId":null,"targetId":null,"tags":["cluster"],"workerId":909,"kind":"event","webhookStatus":"skipped"}
{"id":"731c3355bea1","timestamp":"2026-01-18T02:50:03.834Z","action":"worker fork","message":"Spawned replacement worker 26 (pid 916).","scope":"system","severity":"info","actorId":null,"targetId":null,"tags":["cluster"],"workerId":916,"kind":"event","webhookStatus":"skipped"}
{"id":"b97cf8c5b6b9","timestamp":"2026-01-18T02:50:03.851Z","action":"worker online","message":"Worker 26 (pid 916) is online.","scope":"system","severity":"info","actorId":null,"targetId":null,"tags":["cluster"],"workerId":916,"kind":"event","webhookStatus":"skipped"}
{"id":"db6f8b7d41bd","timestamp":"2026-01-18T02:50:03.899Z","action":"workers reboot","message":"Recycling workers after change in config.yaml.","scope":"system","severity":"warn","actorId":null,"targetId":null,"tags":["cluster","reload"],"workerId":30719,"kind":"event","webhookStatus":"skipped"}
{"id":"7fca13994618","timestamp":"2026-01-18T02:50:03.902Z","action":"worker exit","message":"Worker 916 exited (code unknown, signal SIGTERM).","scope":"system","severity":"error","actorId":null,"targetId":null,"tags":["cluster"],"workerId":916,"kind":"event","webhookStatus":"skipped"}
{"id":"51bd95f50cc5","timestamp":"2026-01-18T02:50:03.904Z","action":"worker fork","message":"Spawned replacement worker 27 (pid 923).","scope":"system","severity":"info","actorId":null,"targetId":null,"tags":["cluster"],"workerId":923,"kind":"event","webhookStatus":"skipped"}
{"id":"1b4d9e2d6512","timestamp":"2026-01-18T02:50:03.919Z","action":"worker online","message":"Worker 27 (pid 923) is online.","scope":"system","severity":"info","actorId":null,"targetId":null,"tags":["cluster"],"workerId":923,"kind":"event","webhookStatus":"skipped"}
{"id":"99211e660599","timestamp":"2026-01-18T02:50:04.153Z","action":"worker exit","message":"Worker 923 exited (code 1, signal none).","scope":"system","severity":"error","actorId":null,"targetId":null,"tags":["cluster"],"workerId":923,"kind":"event","webhookStatus":"skipped"}
{"id":"b0e8b8086769","timestamp":"2026-01-18T02:50:04.155Z","action":"worker fork","message":"Spawned replacement worker 28 (pid 942).","scope":"system","severity":"info","actorId":null,"targetId":null,"tags":["cluster"],"workerId":942,"kind":"event","webhookStatus":"skipped"}
{"id":"a728d357c017","timestamp":"2026-01-18T02:50:04.171Z","action":"worker online","message":"Worker 28 (pid 942) is online.","scope":"system","severity":"info","actorId":null,"targetId":null,"tags":["cluster"],"workerId":942,"kind":"event","webhookStatus":"skipped"}
{"id":"f34fc7fd95e8","timestamp":"2026-01-18T02:50:04.400Z","action":"worker exit","message":"Worker 942 exited (code 1, signal none).","scope":"system","severity":"error","actorId":null,"targetId":null,"tags":["cluster"],"workerId":942,"kind":"event","webhookStatus":"skipped"}
{"id":"959d79462bcc","timestamp":"2026-01-18T02:50:04.401Z","action":"worker fork","message":"Spawned replacement worker 29 (pid 949).","scope":"system","severity":"info","actorId":null,"targetId":null,"tags":["cluster"],"workerId":949,"kind":"event","webhookStatus":"skipped"}
{"id":"5e0e250b29b8","timestamp":"2026-01-18T02:50:04.419Z","action":"worker online","message":"Worker 29 (pid 949) is online.","scope":"system","severity":"info","actorId":null,"targetId":null,"tags":["cluster"],"workerId":949,"kind":"event","webhookStatus":"skipped"}
{"id":"5314969f228a","timestamp":"2026-01-18T02:50:04.654Z","action":"worker exit","message":"Worker 949 exited (code 1, signal none).","scope":"system","severity":"error","actorId":null,"targetId":null,"tags":["cluster"],"workerId":949,"kind":"event","webhookStatus":"skipped"}
{"id":"030b2451ddff","timestamp":"2026-01-18T02:50:04.656Z","action":"worker fork","message":"Spawned replacement worker 30 (pid 957).","scope":"system","severity":"info","actorId":null,"targetId":null,"tags":["cluster"],"workerId":957,"kind":"event","webhookStatus":"skipped"}
{"id":"5cf5499f25cc","timestamp":"2026-01-18T02:50:04.672Z","action":"worker online","message":"Worker 30 (pid 957) is online.","scope":"system","severity":"info","actorId":null,"targetId":null,"tags":["cluster"],"workerId":957,"kind":"event","webhookStatus":"skipped"}
{"id":"adea47235022","timestamp":"2026-01-18T02:50:04.904Z","action":"worker exit","message":"Worker 957 exited (code 1, signal none).","scope":"system","severity":"error","actorId":null,"targetId":null,"tags":["cluster"],"workerId":957,"kind":"event","webhookStatus":"skipped"}
{"id":"30e7a89588d2","timestamp":"2026-01-18T02:50:04.909Z","action":"worker fork","message":"Spawned replacement worker 31 (pid 966).","scope":"system","severity":"info","actorId":null,"targetId":null,"tags":["cluster"],"workerId":966,"kind":"event","webhookStatus":"skipped"}
{"id":"486db950f037","timestamp":"2026-01-18T02:50:04.931Z","action":"worker online","message":"Worker 31 (pid 966) is online.","scope":"system","severity":"info","actorId":null,"targetId":null,"tags":["cluster"],"workerId":966,"kind":"event","webhookStatus":"skipped"}
{"id":"a406972429cd","timestamp":"2026-01-18T02:50:05.185Z","action":"worker exit","message":"Worker 966 exited (code 1, signal none).","scope":"system","severity":"error","actorId":null,"targetId":null,"tags":["cluster"],"workerId":966,"kind":"event","webhookStatus":"skipped"}
{"id":"9b76a6837845","timestamp":"2026-01-18T02:50:05.186Z","action":"worker fork","message":"Spawned replacement worker 32 (pid 989).","scope":"system","severity":"info","actorId":null,"targetId":null,"tags":["cluster"],"workerId":989,"kind":"event","webhookStatus":"skipped"}
{"id":"1f941bd3e826","timestamp":"2026-01-18T02:50:05.205Z","action":"worker online","message":"Worker 32 (pid 989) is online.","scope":"system","severity":"info","actorId":null,"targetId":null,"tags":["cluster"],"workerId":989,"kind":"event","webhookStatus":"skipped"}
{"id":"877f7e51a43c","timestamp":"2026-01-18T02:50:05.435Z","action":"worker exit","message":"Worker 989 exited (code 1, signal none).","scope":"system","severity":"error","actorId":null,"targetId":null,"tags":["cluster"],"workerId":989,"kind":"event","webhookStatus":"skipped"}
{"id":"4530eea2521a","timestamp":"2026-01-18T02:50:05.436Z","action":"worker fork","message":"Spawned replacement worker 33 (pid 997).","scope":"system","severity":"info","actorId":null,"targetId":null,"tags":["cluster"],"workerId":997,"kind":"event","webhookStatus":"skipped"}
{"id":"ae50e980971d","timestamp":"2026-01-18T02:50:05.454Z","action":"worker online","message":"Worker 33 (pid 997) is online.","scope":"system","severity":"info","actorId":null,"targetId":null,"tags":["cluster"],"workerId":997,"kind":"event","webhookStatus":"skipped"}
{"id":"1d374d551f97","timestamp":"2026-01-18T02:50:05.674Z","action":"worker exit","message":"Worker 997 exited (code 1, signal none).","scope":"system","severity":"error","actorId":null,"targetId":null,"tags":["cluster"],"workerId":997,"kind":"event","webhookStatus":"skipped"}
{"id":"2fcb3d5ce534","timestamp":"2026-01-18T02:50:05.676Z","action":"worker fork","message":"Spawned replacement worker 34 (pid 1005).","scope":"system","severity":"info","actorId":null,"targetId":null,"tags":["cluster"],"workerId":1005,"kind":"event","webhookStatus":"skipped"}
{"id":"4eac16d6a36b","timestamp":"2026-01-18T02:50:05.695Z","action":"worker online","message":"Worker 34 (pid 1005) is online.","scope":"system","severity":"info","actorId":null,"targetId":null,"tags":["cluster"],"workerId":1005,"kind":"event","webhookStatus":"skipped"}
{"id":"f29a8f5a13c1","timestamp":"2026-01-18T02:50:05.911Z","action":"worker exit","message":"Worker 1005 exited (code 1, signal none).","scope":"system","severity":"error","actorId":null,"targetId":null,"tags":["cluster"],"workerId":1005,"kind":"event","webhookStatus":"skipped"}
{"id":"542b9cef2982","timestamp":"2026-01-18T02:50:05.913Z","action":"worker fork","message":"Spawned replacement worker 35 (pid 1012).","scope":"system","severity":"info","actorId":null,"targetId":null,"tags":["cluster"],"workerId":1012,"kind":"event","webhookStatus":"skipped"}
{"id":"6da3f158a8ad","timestamp":"2026-01-18T02:50:05.930Z","action":"worker online","message":"Worker 35 (pid 1012) is online.","scope":"system","severity":"info","actorId":null,"targetId":null,"tags":["cluster"],"workerId":1012,"kind":"event","webhookStatus":"skipped"}
{"id":"3a01d060fff3","timestamp":"2026-01-18T02:50:06.170Z","action":"worker exit","message":"Worker 1012 exited (code 1, signal none).","scope":"system","severity":"error","actorId":null,"targetId":null,"tags":["cluster"],"workerId":1012,"kind":"event","webhookStatus":"skipped"}
{"id":"79863937a697","timestamp":"2026-01-18T02:50:06.172Z","action":"worker fork","message":"Spawned replacement worker 36 (pid 1019).","scope":"system","severity":"info","actorId":null,"targetId":null,"tags":["cluster"],"workerId":1019,"kind":"event","webhookStatus":"skipped"}
{"id":"116c2764ebc5","timestamp":"2026-01-18T02:50:06.189Z","action":"worker online","message":"Worker 36 (pid 1019) is online.","scope":"system","severity":"info","actorId":null,"targetId":null,"tags":["cluster"],"workerId":1019,"kind":"event","webhookStatus":"skipped"}
{"id":"4422a6e8fb21","timestamp":"2026-01-18T02:50:06.405Z","action":"worker exit","message":"Worker 1019 exited (code 1, signal none).","scope":"system","severity":"error","actorId":null,"targetId":null,"tags":["cluster"],"workerId":1019,"kind":"event","webhookStatus":"skipped"}
{"id":"ec350dd59052","timestamp":"2026-01-18T02:50:06.406Z","action":"worker fork","message":"Spawned replacement worker 37 (pid 1026).","scope":"system","severity":"info","actorId":null,"targetId":null,"tags":["cluster"],"workerId":1026,"kind":"event","webhookStatus":"skipped"}
{"id":"19fee315db13","timestamp":"2026-01-18T02:50:06.425Z","action":"worker online","message":"Worker 37 (pid 1026) is online.","scope":"system","severity":"info","actorId":null,"targetId":null,"tags":["cluster"],"workerId":1026,"kind":"event","webhookStatus":"skipped"}
{"id":"5de27736402e","timestamp":"2026-01-18T02:50:06.649Z","action":"worker exit","message":"Worker 1026 exited (code 1, signal none).","scope":"system","severity":"error","actorId":null,"targetId":null,"tags":["cluster"],"workerId":1026,"kind":"event","webhookStatus":"skipped"}
{"id":"87c821f26681","timestamp":"2026-01-18T02:50:06.651Z","action":"worker fork","message":"Spawned replacement worker 38 (pid 1036).","scope":"system","severity":"info","actorId":null,"targetId":null,"tags":["cluster"],"workerId":1036,"kind":"event","webhookStatus":"skipped"}
{"id":"feae58fa0951","timestamp":"2026-01-18T02:50:06.668Z","action":"worker online","message":"Worker 38 (pid 1036) is online.","scope":"system","severity":"info","actorId":null,"targetId":null,"tags":["cluster"],"workerId":1036,"kind":"event","webhookStatus":"skipped"}
{"id":"a0fac7580cfa","timestamp":"2026-01-18T02:50:06.900Z","action":"worker exit","message":"Worker 1036 exited (code 1, signal none).","scope":"system","severity":"error","actorId":null,"targetId":null,"tags":["cluster"],"workerId":1036,"kind":"event","webhookStatus":"skipped"}
{"id":"a7daad101b68","timestamp":"2026-01-18T02:50:06.902Z","action":"worker fork","message":"Spawned replacement worker 39 (pid 1044).","scope":"system","severity":"info","actorId":null,"targetId":null,"tags":["cluster"],"workerId":1044,"kind":"event","webhookStatus":"skipped"}
{"id":"956964a04eef","timestamp":"2026-01-18T02:50:06.919Z","action":"worker online","message":"Worker 39 (pid 1044) is online.","scope":"system","severity":"info","actorId":null,"targetId":null,"tags":["cluster"],"workerId":1044,"kind":"event","webhookStatus":"skipped"}
{"id":"e4e486ecebcb","timestamp":"2026-01-18T02:50:07.147Z","action":"worker exit","message":"Worker 1044 exited (code 1, signal none).","scope":"system","severity":"error","actorId":null,"targetId":null,"tags":["cluster"],"workerId":1044,"kind":"event","webhookStatus":"skipped"}
{"id":"ea3ffbe4c221","timestamp":"2026-01-18T02:50:07.149Z","action":"worker fork","message":"Spawned replacement worker 40 (pid 1057).","scope":"system","severity":"info","actorId":null,"targetId":null,"tags":["cluster"],"workerId":1057,"kind":"event","webhookStatus":"skipped"}
{"id":"8920446f3a5e","timestamp":"2026-01-18T02:50:07.165Z","action":"worker online","message":"Worker 40 (pid 1057) is online.","scope":"system","severity":"info","actorId":null,"targetId":null,"tags":["cluster"],"workerId":1057,"kind":"event","webhookStatus":"skipped"}
{"id":"be1e5c38540d","timestamp":"2026-01-18T02:50:07.398Z","action":"worker exit","message":"Worker 1057 exited (code 1, signal none).","scope":"system","severity":"error","actorId":null,"targetId":null,"tags":["cluster"],"workerId":1057,"kind":"event","webhookStatus":"skipped"}
{"id":"cb0f44625a74","timestamp":"2026-01-18T02:50:07.400Z","action":"worker fork","message":"Spawned replacement worker 41 (pid 1071).","scope":"system","severity":"info","actorId":null,"targetId":null,"tags":["cluster"],"workerId":1071,"kind":"event","webhookStatus":"skipped"}
{"id":"23ff93fe7b7a","timestamp":"2026-01-18T02:50:07.416Z","action":"worker online","message":"Worker 41 (pid 1071) is online.","scope":"system","severity":"info","actorId":null,"targetId":null,"tags":["cluster"],"workerId":1071,"kind":"event","webhookStatus":"skipped"}
{"id":"4974dd65df20","timestamp":"2026-01-18T02:50:07.641Z","action":"worker exit","message":"Worker 1071 exited (code 1, signal none).","scope":"system","severity":"error","actorId":null,"targetId":null,"tags":["cluster"],"workerId":1071,"kind":"event","webhookStatus":"skipped"}
{"id":"676ba369d7ca","timestamp":"2026-01-18T02:50:07.643Z","action":"worker fork","message":"Spawned replacement worker 42 (pid 1078).","scope":"system","severity":"info","actorId":null,"targetId":null,"tags":["cluster"],"workerId":1078,"kind":"event","webhookStatus":"skipped"}
{"id":"74cfdde4658e","timestamp":"2026-01-18T02:50:07.659Z","action":"worker online","message":"Worker 42 (pid 1078) is online.","scope":"system","severity":"info","actorId":null,"targetId":null,"tags":["cluster"],"workerId":1078,"kind":"event","webhookStatus":"skipped"}
{"id":"061e61a9ec96","timestamp":"2026-01-18T02:50:07.881Z","action":"worker exit","message":"Worker 1078 exited (code 1, signal none).","scope":"system","severity":"error","actorId":null,"targetId":null,"tags":["cluster"],"workerId":1078,"kind":"event","webhookStatus":"skipped"}
{"id":"65ee06919877","timestamp":"2026-01-18T02:50:07.883Z","action":"worker fork","message":"Spawned replacement worker 43 (pid 1085).","scope":"system","severity":"info","actorId":null,"targetId":null,"tags":["cluster"],"workerId":1085,"kind":"event","webhookStatus":"skipped"}
{"id":"933ab18c456a","timestamp":"2026-01-18T02:50:07.900Z","action":"worker online","message":"Worker 43 (pid 1085) is online.","scope":"system","severity":"info","actorId":null,"targetId":null,"tags":["cluster"],"workerId":1085,"kind":"event","webhookStatus":"skipped"}
{"id":"b755bead67ed","timestamp":"2026-01-18T02:50:08.116Z","action":"worker exit","message":"Worker 1085 exited (code 1, signal none).","scope":"system","severity":"error","actorId":null,"targetId":null,"tags":["cluster"],"workerId":1085,"kind":"event","webhookStatus":"skipped"}
{"id":"a779b0b0fa80","timestamp":"2026-01-18T02:50:08.118Z","action":"worker fork","message":"Spawned replacement worker 44 (pid 1092).","scope":"system","severity":"info","actorId":null,"targetId":null,"tags":["cluster"],"workerId":1092,"kind":"event","webhookStatus":"skipped"}
{"id":"561a7764a920","timestamp":"2026-01-18T02:50:08.135Z","action":"worker online","message":"Worker 44 (pid 1092) is online.","scope":"system","severity":"info","actorId":null,"targetId":null,"tags":["cluster"],"workerId":1092,"kind":"event","webhookStatus":"skipped"}
{"id":"4705aed01a18","timestamp":"2026-01-18T02:50:08.369Z","action":"worker exit","message":"Worker 1092 exited (code 1, signal none).","scope":"system","severity":"error","actorId":null,"targetId":null,"tags":["cluster"],"workerId":1092,"kind":"event","webhookStatus":"skipped"}
{"id":"fb0fd38ad79f","timestamp":"2026-01-18T02:50:08.371Z","action":"worker fork","message":"Spawned replacement worker 45 (pid 1099).","scope":"system","severity":"info","actorId":null,"targetId":null,"tags":["cluster"],"workerId":1099,"kind":"event","webhookStatus":"skipped"}
{"id":"2abe78be87b5","timestamp":"2026-01-18T02:50:08.387Z","action":"worker online","message":"Worker 45 (pid 1099) is online.","scope":"system","severity":"info","actorId":null,"targetId":null,"tags":["cluster"],"workerId":1099,"kind":"event","webhookStatus":"skipped"}
{"id":"56b948ed055c","timestamp":"2026-01-18T02:50:08.610Z","action":"worker exit","message":"Worker 1099 exited (code 1, signal none).","scope":"system","severity":"error","actorId":null,"targetId":null,"tags":["cluster"],"workerId":1099,"kind":"event","webhookStatus":"skipped"}
{"id":"c8e46ea0ea22","timestamp":"2026-01-18T02:50:08.612Z","action":"worker fork","message":"Spawned replacement worker 46 (pid 1106).","scope":"system","severity":"info","actorId":null,"targetId":null,"tags":["cluster"],"workerId":1106,"kind":"event","webhookStatus":"skipped"}
{"id":"94d78b1ac3cc","timestamp":"2026-01-18T02:50:08.629Z","action":"worker online","message":"Worker 46 (pid 1106) is online.","scope":"system","severity":"info","actorId":null,"targetId":null,"tags":["cluster"],"workerId":1106,"kind":"event","webhookStatus":"skipped"}
{"id":"60a79f8a825c","timestamp":"2026-01-18T02:50:08.853Z","action":"worker exit","message":"Worker 1106 exited (code 1, signal none).","scope":"system","severity":"error","actorId":null,"targetId":null,"tags":["cluster"],"workerId":1106,"kind":"event","webhookStatus":"skipped"}
{"id":"66d76162a4bf","timestamp":"2026-01-18T02:50:08.854Z","action":"worker fork","message":"Spawned replacement worker 47 (pid 1113).","scope":"system","severity":"info","actorId":null,"targetId":null,"tags":["cluster"],"workerId":1113,"kind":"event","webhookStatus":"skipped"}
{"id":"aeb678d37d7f","timestamp":"2026-01-18T02:50:08.871Z","action":"worker online","message":"Worker 47 (pid 1113) is online.","scope":"system","severity":"info","actorId":null,"targetId":null,"tags":["cluster"],"workerId":1113,"kind":"event","webhookStatus":"skipped"}
{"id":"d77ad6e87bed","timestamp":"2026-01-18T02:50:09.109Z","action":"worker exit","message":"Worker 1113 exited (code 1, signal none).","scope":"system","severity":"error","actorId":null,"targetId":null,"tags":["cluster"],"workerId":1113,"kind":"event","webhookStatus":"skipped"}
{"id":"425c3ce6b05d","timestamp":"2026-01-18T02:50:09.111Z","action":"worker fork","message":"Spawned replacement worker 48 (pid 1132).","scope":"system","severity":"info","actorId":null,"targetId":null,"tags":["cluster"],"workerId":1132,"kind":"event","webhookStatus":"skipped"}
{"id":"7b95b293e173","timestamp":"2026-01-18T02:50:09.127Z","action":"worker online","message":"Worker 48 (pid 1132) is online.","scope":"system","severity":"info","actorId":null,"targetId":null,"tags":["cluster"],"workerId":1132,"kind":"event","webhookStatus":"skipped"}
{"id":"6015ae978d88","timestamp":"2026-01-18T02:50:09.355Z","action":"worker exit","message":"Worker 1132 exited (code 1, signal none).","scope":"system","severity":"error","actorId":null,"targetId":null,"tags":["cluster"],"workerId":1132,"kind":"event","webhookStatus":"skipped"}
{"id":"0eb51a876c58","timestamp":"2026-01-18T02:50:09.356Z","action":"worker fork","message":"Spawned replacement worker 49 (pid 1145).","scope":"system","severity":"info","actorId":null,"targetId":null,"tags":["cluster"],"workerId":1145,"kind":"event","webhookStatus":"skipped"}
{"id":"80a91de8ed3f","timestamp":"2026-01-18T02:50:09.373Z","action":"worker online","message":"Worker 49 (pid 1145) is online.","scope":"system","severity":"info","actorId":null,"targetId":null,"tags":["cluster"],"workerId":1145,"kind":"event","webhookStatus":"skipped"}
{"id":"862e78d8f3ba","timestamp":"2026-01-18T02:50:09.594Z","action":"worker exit","message":"Worker 1145 exited (code 1, signal none).","scope":"system","severity":"error","actorId":null,"targetId":null,"tags":["cluster"],"workerId":1145,"kind":"event","webhookStatus":"skipped"}
{"id":"ae29c6b932ab","timestamp":"2026-01-18T02:50:09.596Z","action":"worker fork","message":"Spawned replacement worker 50 (pid 1152).","scope":"system","severity":"info","actorId":null,"targetId":null,"tags":["cluster"],"workerId":1152,"kind":"event","webhookStatus":"skipped"}
{"id":"a599042c6c1c","timestamp":"2026-01-18T02:50:09.612Z","action":"worker online","message":"Worker 50 (pid 1152) is online.","scope":"system","severity":"info","actorId":null,"targetId":null,"tags":["cluster"],"workerId":1152,"kind":"event","webhookStatus":"skipped"}
{"id":"bcde3a627db8","timestamp":"2026-01-18T02:50:09.838Z","action":"worker exit","message":"Worker 1152 exited (code 1, signal none).","scope":"system","severity":"error","actorId":null,"targetId":null,"tags":["cluster"],"workerId":1152,"kind":"event","webhookStatus":"skipped"}
{"id":"06f27498d085","timestamp":"2026-01-18T02:50:09.840Z","action":"worker fork","message":"Spawned replacement worker 51 (pid 1159).","scope":"system","severity":"info","actorId":null,"targetId":null,"tags":["cluster"],"workerId":1159,"kind":"event","webhookStatus":"skipped"}
{"id":"f0cf1ea63eb8","timestamp":"2026-01-18T02:50:09.857Z","action":"worker online","message":"Worker 51 (pid 1159) is online.","scope":"system","severity":"info","actorId":null,"targetId":null,"tags":["cluster"],"workerId":1159,"kind":"event","webhookStatus":"skipped"}
{"id":"ad4d173dffcd","timestamp":"2026-01-18T02:50:10.070Z","action":"worker exit","message":"Worker 1159 exited (code 1, signal none).","scope":"system","severity":"error","actorId":null,"targetId":null,"tags":["cluster"],"workerId":1159,"kind":"event","webhookStatus":"skipped"}
{"id":"a3c6d60f87a0","timestamp":"2026-01-18T02:50:10.072Z","action":"worker fork","message":"Spawned replacement worker 52 (pid 1175).","scope":"system","severity":"info","actorId":null,"targetId":null,"tags":["cluster"],"workerId":1175,"kind":"event","webhookStatus":"skipped"}
{"id":"af22261c6d5e","timestamp":"2026-01-18T02:50:10.088Z","action":"worker online","message":"Worker 52 (pid 1175) is online.","scope":"system","severity":"info","actorId":null,"targetId":null,"tags":["cluster"],"workerId":1175,"kind":"event","webhookStatus":"skipped"}
{"id":"9394a4541bc3","timestamp":"2026-01-18T02:50:10.309Z","action":"worker exit","message":"Worker 1175 exited (code 1, signal none).","scope":"system","severity":"error","actorId":null,"targetId":null,"tags":["cluster"],"workerId":1175,"kind":"event","webhookStatus":"skipped"}
{"id":"7b2dc24a49f9","timestamp":"2026-01-18T02:50:10.310Z","action":"worker fork","message":"Spawned replacement worker 53 (pid 1182).","scope":"system","severity":"info","actorId":null,"targetId":null,"tags":["cluster"],"workerId":1182,"kind":"event","webhookStatus":"skipped"}
{"id":"e19a5c577de8","timestamp":"2026-01-18T02:50:10.326Z","action":"worker online","message":"Worker 53 (pid 1182) is online.","scope":"system","severity":"info","actorId":null,"targetId":null,"tags":["cluster"],"workerId":1182,"kind":"event","webhookStatus":"skipped"}
{"id":"2e03583da1ae","timestamp":"2026-01-18T02:50:10.538Z","action":"worker exit","message":"Worker 1182 exited (code 1, signal none).","scope":"system","severity":"error","actorId":null,"targetId":null,"tags":["cluster"],"workerId":1182,"kind":"event","webhookStatus":"skipped"}
{"id":"4d9f47d3945f","timestamp":"2026-01-18T02:50:10.540Z","action":"worker fork","message":"Spawned replacement worker 54 (pid 1189).","scope":"system","severity":"info","actorId":null,"targetId":null,"tags":["cluster"],"workerId":1189,"kind":"event","webhookStatus":"skipped"}
{"id":"54cdc04ea03b","timestamp":"2026-01-18T02:50:10.556Z","action":"worker online","message":"Worker 54 (pid 1189) is online.","scope":"system","severity":"info","actorId":null,"targetId":null,"tags":["cluster"],"workerId":1189,"kind":"event","webhookStatus":"skipped"}
{"id":"8a57878a9b00","timestamp":"2026-01-18T02:50:10.775Z","action":"worker exit","message":"Worker 1189 exited (code 1, signal none).","scope":"system","severity":"error","actorId":null,"targetId":null,"tags":["cluster"],"workerId":1189,"kind":"event","webhookStatus":"skipped"}
{"id":"d18cfe1281b6","timestamp":"2026-01-18T02:50:10.777Z","action":"worker fork","message":"Spawned replacement worker 55 (pid 1196).","scope":"system","severity":"info","actorId":null,"targetId":null,"tags":["cluster"],"workerId":1196,"kind":"event","webhookStatus":"skipped"}
{"id":"deebb868b10b","timestamp":"2026-01-18T02:50:10.797Z","action":"worker online","message":"Worker 55 (pid 1196) is online.","scope":"system","severity":"info","actorId":null,"targetId":null,"tags":["cluster"],"workerId":1196,"kind":"event","webhookStatus":"skipped"}
{"id":"80f98b967fe5","timestamp":"2026-01-18T02:50:11.038Z","action":"worker exit","message":"Worker 1196 exited (code 1, signal none).","scope":"system","severity":"error","actorId":null,"targetId":null,"tags":["cluster"],"workerId":1196,"kind":"event","webhookStatus":"skipped"}
{"id":"4494eed5d09e","timestamp":"2026-01-18T02:50:11.040Z","action":"worker fork","message":"Spawned replacement worker 56 (pid 1203).","scope":"system","severity":"info","actorId":null,"targetId":null,"tags":["cluster"],"workerId":1203,"kind":"event","webhookStatus":"skipped"}
{"id":"5105012bb657","timestamp":"2026-01-18T02:50:11.088Z","action":"worker online","message":"Worker 56 (pid 1203) is online.","scope":"system","severity":"info","actorId":null,"targetId":null,"tags":["cluster"],"workerId":1203,"kind":"event","webhookStatus":"skipped"}
{"id":"dbd3f89594af","timestamp":"2026-01-18T02:50:11.358Z","action":"worker exit","message":"Worker 1203 exited (code 1, signal none).","scope":"system","severity":"error","actorId":null,"targetId":null,"tags":["cluster"],"workerId":1203,"kind":"event","webhookStatus":"skipped"}
{"id":"bd1f5d3c376e","timestamp":"2026-01-18T02:50:11.361Z","action":"worker fork","message":"Spawned replacement worker 57 (pid 1216).","scope":"system","severity":"info","actorId":null,"targetId":null,"tags":["cluster"],"workerId":1216,"kind":"event","webhookStatus":"skipped"}
{"id":"b8f5aad6d465","timestamp":"2026-01-18T02:50:11.378Z","action":"worker online","message":"Worker 57 (pid 1216) is online.","scope":"system","severity":"info","actorId":null,"targetId":null,"tags":["cluster"],"workerId":1216,"kind":"event","webhookStatus":"skipped"}
{"id":"9fded1aaa378","timestamp":"2026-01-18T02:50:11.631Z","action":"worker exit","message":"Worker 1216 exited (code 1, signal none).","scope":"system","severity":"error","actorId":null,"targetId":null,"tags":["cluster"],"workerId":1216,"kind":"event","webhookStatus":"skipped"}
{"id":"b7ea9a973021","timestamp":"2026-01-18T02:50:11.634Z","action":"worker fork","message":"Spawned replacement worker 58 (pid 1223).","scope":"system","severity":"info","actorId":null,"targetId":null,"tags":["cluster"],"workerId":1223,"kind":"event","webhookStatus":"skipped"}
{"id":"81afbe17de02","timestamp":"2026-01-18T02:50:11.653Z","action":"worker online","message":"Worker 58 (pid 1223) is online.","scope":"system","severity":"info","actorId":null,"targetId":null,"tags":["cluster"],"workerId":1223,"kind":"event","webhookStatus":"skipped"}
{"id":"3461a2d64195","timestamp":"2026-01-18T02:50:11.962Z","action":"worker exit","message":"Worker 1223 exited (code 1, signal none).","scope":"system","severity":"error","actorId":null,"targetId":null,"tags":["cluster"],"workerId":1223,"kind":"event","webhookStatus":"skipped"}
{"id":"63011c651736","timestamp":"2026-01-18T02:50:11.964Z","action":"worker fork","message":"Spawned replacement worker 59 (pid 1230).","scope":"system","severity":"info","actorId":null,"targetId":null,"tags":["cluster"],"workerId":1230,"kind":"event","webhookStatus":"skipped"}
{"id":"ca9556f548d4","timestamp":"2026-01-18T02:50:11.985Z","action":"worker online","message":"Worker 59 (pid 1230) is online.","scope":"system","severity":"info","actorId":null,"targetId":null,"tags":["cluster"],"workerId":1230,"kind":"event","webhookStatus":"skipped"}
{"id":"cc34d1a648e6","timestamp":"2026-01-18T02:50:12.248Z","action":"worker exit","message":"Worker 1230 exited (code 1, signal none).","scope":"system","severity":"error","actorId":null,"targetId":null,"tags":["cluster"],"workerId":1230,"kind":"event","webhookStatus":"skipped"}
{"id":"a83f01c5b935","timestamp":"2026-01-18T02:50:12.250Z","action":"worker fork","message":"Spawned replacement worker 60 (pid 1237).","scope":"system","severity":"info","actorId":null,"targetId":null,"tags":["cluster"],"workerId":1237,"kind":"event","webhookStatus":"skipped"}
{"id":"d4137bba4197","timestamp":"2026-01-18T02:50:12.275Z","action":"worker online","message":"Worker 60 (pid 1237) is online.","scope":"system","severity":"info","actorId":null,"targetId":null,"tags":["cluster"],"workerId":1237,"kind":"event","webhookStatus":"skipped"}
{"id":"dc37d9d1a37e","timestamp":"2026-01-18T02:50:12.610Z","action":"worker exit","message":"Worker 1237 exited (code 1, signal none).","scope":"system","severity":"error","actorId":null,"targetId":null,"tags":["cluster"],"workerId":1237,"kind":"event","webhookStatus":"skipped"}
{"id":"527f1b95f39a","timestamp":"2026-01-18T02:50:12.611Z","action":"worker fork","message":"Spawned replacement worker 61 (pid 1244).","scope":"system","severity":"info","actorId":null,"targetId":null,"tags":["cluster"],"workerId":1244,"kind":"event","webhookStatus":"skipped"}
{"id":"5f938ef0d414","timestamp":"2026-01-18T02:50:12.628Z","action":"worker online","message":"Worker 61 (pid 1244) is online.","scope":"system","severity":"info","actorId":null,"targetId":null,"tags":["cluster"],"workerId":1244,"kind":"event","webhookStatus":"skipped"}
{"id":"27ea49947724","timestamp":"2026-01-18T02:50:12.885Z","action":"worker exit","message":"Worker 1244 exited (code 1, signal none).","scope":"system","severity":"error","actorId":null,"targetId":null,"tags":["cluster"],"workerId":1244,"kind":"event","webhookStatus":"skipped"}
{"id":"85ef6265beac","timestamp":"2026-01-18T02:50:12.886Z","action":"worker fork","message":"Spawned replacement worker 62 (pid 1252).","scope":"system","severity":"info","actorId":null,"targetId":null,"tags":["cluster"],"workerId":1252,"kind":"event","webhookStatus":"skipped"}
{"id":"de288cb789da","timestamp":"2026-01-18T02:50:12.903Z","action":"worker online","message":"Worker 62 (pid 1252) is online.","scope":"system","severity":"info","actorId":null,"targetId":null,"tags":["cluster"],"workerId":1252,"kind":"event","webhookStatus":"skipped"}
{"id":"b6a5f671460b","timestamp":"2026-01-18T02:50:13.187Z","action":"worker exit","message":"Worker 1252 exited (code 1, signal none).","scope":"system","severity":"error","actorId":null,"targetId":null,"tags":["cluster"],"workerId":1252,"kind":"event","webhookStatus":"skipped"}
{"id":"1faf3ac3dc3b","timestamp":"2026-01-18T02:50:13.188Z","action":"worker fork","message":"Spawned replacement worker 63 (pid 1259).","scope":"system","severity":"info","actorId":null,"targetId":null,"tags":["cluster"],"workerId":1259,"kind":"event","webhookStatus":"skipped"}
{"id":"c3ffed8d608f","timestamp":"2026-01-18T02:50:13.206Z","action":"worker online","message":"Worker 63 (pid 1259) is online.","scope":"system","severity":"info","actorId":null,"targetId":null,"tags":["cluster"],"workerId":1259,"kind":"event","webhookStatus":"skipped"}
{"id":"748f70c9cea2","timestamp":"2026-01-18T02:50:13.491Z","action":"worker exit","message":"Worker 1259 exited (code 1, signal none).","scope":"system","severity":"error","actorId":null,"targetId":null,"tags":["cluster"],"workerId":1259,"kind":"event","webhookStatus":"skipped"}
{"id":"567b852e2a1b","timestamp":"2026-01-18T02:50:13.492Z","action":"worker fork","message":"Spawned replacement worker 64 (pid 1283).","scope":"system","severity":"info","actorId":null,"targetId":null,"tags":["cluster"],"workerId":1283,"kind":"event","webhookStatus":"skipped"}
{"id":"2f79fb2b3800","timestamp":"2026-01-18T02:50:13.513Z","action":"worker online","message":"Worker 64 (pid 1283) is online.","scope":"system","severity":"info","actorId":null,"targetId":null,"tags":["cluster"],"workerId":1283,"kind":"event","webhookStatus":"skipped"}
{"id":"641ecbb02c58","timestamp":"2026-01-18T02:50:13.766Z","action":"worker exit","message":"Worker 1283 exited (code 1, signal none).","scope":"system","severity":"error","actorId":null,"targetId":null,"tags":["cluster"],"workerId":1283,"kind":"event","webhookStatus":"skipped"}
{"id":"1fd7bda84c8d","timestamp":"2026-01-18T02:50:13.768Z","action":"worker fork","message":"Spawned replacement worker 65 (pid 1290).","scope":"system","severity":"info","actorId":null,"targetId":null,"tags":["cluster"],"workerId":1290,"kind":"event","webhookStatus":"skipped"}
{"id":"2865ba8ec66c","timestamp":"2026-01-18T02:50:13.785Z","action":"worker online","message":"Worker 65 (pid 1290) is online.","scope":"system","severity":"info","actorId":null,"targetId":null,"tags":["cluster"],"workerId":1290,"kind":"event","webhookStatus":"skipped"}
{"id":"d14b336e1ca9","timestamp":"2026-01-18T02:50:14.057Z","action":"worker exit","message":"Worker 1290 exited (code 1, signal none).","scope":"system","severity":"error","actorId":null,"targetId":null,"tags":["cluster"],"workerId":1290,"kind":"event","webhookStatus":"skipped"}
{"id":"03ae8e861525","timestamp":"2026-01-18T02:50:14.059Z","action":"worker fork","message":"Spawned replacement worker 66 (pid 1309).","scope":"system","severity":"info","actorId":null,"targetId":null,"tags":["cluster"],"workerId":1309,"kind":"event","webhookStatus":"skipped"}
{"id":"c72abe125975","timestamp":"2026-01-18T02:50:14.076Z","action":"worker online","message":"Worker 66 (pid 1309) is online.","scope":"system","severity":"info","actorId":null,"targetId":null,"tags":["cluster"],"workerId":1309,"kind":"event","webhookStatus":"skipped"}
{"id":"2b6742ee48fc","timestamp":"2026-01-18T02:50:14.343Z","action":"worker exit","message":"Worker 1309 exited (code 1, signal none).","scope":"system","severity":"error","actorId":null,"targetId":null,"tags":["cluster"],"workerId":1309,"kind":"event","webhookStatus":"skipped"}
{"id":"0df4a52157af","timestamp":"2026-01-18T02:50:14.344Z","action":"worker fork","message":"Spawned replacement worker 67 (pid 1316).","scope":"system","severity":"info","actorId":null,"targetId":null,"tags":["cluster"],"workerId":1316,"kind":"event","webhookStatus":"skipped"}
{"id":"fc7a80cb7507","timestamp":"2026-01-18T02:50:14.363Z","action":"worker online","message":"Worker 67 (pid 1316) is online.","scope":"system","severity":"info","actorId":null,"targetId":null,"tags":["cluster"],"workerId":1316,"kind":"event","webhookStatus":"skipped"}
{"id":"4695c242139a","timestamp":"2026-01-18T02:50:14.651Z","action":"worker exit","message":"Worker 1316 exited (code 1, signal none).","scope":"system","severity":"error","actorId":null,"targetId":null,"tags":["cluster"],"workerId":1316,"kind":"event","webhookStatus":"skipped"}
{"id":"e964674d1099","timestamp":"2026-01-18T02:50:14.653Z","action":"worker fork","message":"Spawned replacement worker 68 (pid 1323).","scope":"system","severity":"info","actorId":null,"targetId":null,"tags":["cluster"],"workerId":1323,"kind":"event","webhookStatus":"skipped"}
{"id":"9daf97571ab9","timestamp":"2026-01-18T02:50:14.670Z","action":"worker online","message":"Worker 68 (pid 1323) is online.","scope":"system","severity":"info","actorId":null,"targetId":null,"tags":["cluster"],"workerId":1323,"kind":"event","webhookStatus":"skipped"}
{"id":"e8dee1ab9380","timestamp":"2026-01-18T02:50:14.924Z","action":"worker exit","message":"Worker 1323 exited (code 1, signal none).","scope":"system","severity":"error","actorId":null,"targetId":null,"tags":["cluster"],"workerId":1323,"kind":"event","webhookStatus":"skipped"}
{"id":"15bc2ccd7e89","timestamp":"2026-01-18T02:50:14.926Z","action":"worker fork","message":"Spawned replacement worker 69 (pid 1331).","scope":"system","severity":"info","actorId":null,"targetId":null,"tags":["cluster"],"workerId":1331,"kind":"event","webhookStatus":"skipped"}
{"id":"e6df17c5b05d","timestamp":"2026-01-18T02:50:14.944Z","action":"worker online","message":"Worker 69 (pid 1331) is online.","scope":"system","severity":"info","actorId":null,"targetId":null,"tags":["cluster"],"workerId":1331,"kind":"event","webhookStatus":"skipped"}
{"id":"ff7d656c4628","timestamp":"2026-01-18T02:50:15.412Z","action":"workers reboot","message":"Recycling workers after change in config.yaml.","scope":"system","severity":"warn","actorId":null,"targetId":null,"tags":["cluster","reload"],"workerId":30719,"kind":"event","webhookStatus":"skipped"}
{"id":"163ee622960b","timestamp":"2026-01-18T02:50:15.418Z","action":"worker exit","message":"Worker 1331 exited (code unknown, signal SIGTERM).","scope":"system","severity":"error","actorId":null,"targetId":null,"tags":["cluster"],"workerId":1331,"kind":"event","webhookStatus":"skipped"}
{"id":"a2fa3631369c","timestamp":"2026-01-18T02:50:15.419Z","action":"worker fork","message":"Spawned replacement worker 70 (pid 1355).","scope":"system","severity":"info","actorId":null,"targetId":null,"tags":["cluster"],"workerId":1355,"kind":"event","webhookStatus":"skipped"}
{"id":"ab9806dd2d33","timestamp":"2026-01-18T02:50:15.447Z","action":"worker online","message":"Worker 70 (pid 1355) is online.","scope":"system","severity":"info","actorId":null,"targetId":null,"tags":["cluster"],"workerId":1355,"kind":"event","webhookStatus":"skipped"}
{"id":"670e95a6991a","timestamp":"2026-01-18T02:54:35.252Z","action":"workers reboot","message":"Recycling workers after change in modules/oauth2.js.","scope":"system","severity":"warn","actorId":null,"targetId":null,"tags":["cluster","reload"],"workerId":30719,"kind":"event","webhookStatus":"skipped"}
{"id":"128f74c496d4","timestamp":"2026-01-18T02:54:35.258Z","action":"worker exit","message":"Worker 1355 exited (code unknown, signal SIGTERM).","scope":"system","severity":"error","actorId":null,"targetId":null,"tags":["cluster"],"workerId":1355,"kind":"event","webhookStatus":"skipped"}
{"id":"497472d71c1e","timestamp":"2026-01-18T02:54:35.259Z","action":"worker fork","message":"Spawned replacement worker 71 (pid 2526).","scope":"system","severity":"info","actorId":null,"targetId":null,"tags":["cluster"],"workerId":2526,"kind":"event","webhookStatus":"skipped"}
{"id":"f86df1224a97","timestamp":"2026-01-18T02:54:35.275Z","action":"worker online","message":"Worker 71 (pid 2526) is online.","scope":"system","severity":"info","actorId":null,"targetId":null,"tags":["cluster"],"workerId":2526,"kind":"event","webhookStatus":"skipped"}
{"id":"e2fc946022cd","timestamp":"2026-01-18T03:19:25.096Z","action":"worker online","message":"Worker 1 (pid 14816) is online.","scope":"system","severity":"info","actorId":null,"targetId":null,"tags":["cluster"],"workerId":14816,"kind":"event","webhookStatus":"queued"}
{"id":"e2fc946022cd","timestamp":"2026-01-18T03:19:25.096Z","action":"worker online","message":"Worker 1 (pid 14816) is online.","scope":"system","severity":"info","actorId":null,"targetId":null,"tags":["cluster"],"workerId":14816,"kind":"delivery","webhookStatus":"sent","webhookCode":204,"webhookError":null,"deliveredAt":"2026-01-18T03:19:25.327Z"}
{"id":"080bdad91639","timestamp":"2026-01-18T03:20:43.668Z","action":"signup","message":"lavenv0 logged in to the dashboard for the first time!","scope":"user","severity":"info","actorId":"1452513187877486644","targetId":null,"tags":["auth","signup"],"workerId":14816,"kind":"event","webhookStatus":"queued"}
{"id":"080bdad91639","timestamp":"2026-01-18T03:20:43.668Z","action":"signup","message":"lavenv0 logged in to the dashboard for the first time!","scope":"user","severity":"info","actorId":"1452513187877486644","targetId":null,"tags":["auth","signup"],"workerId":14816,"kind":"delivery","webhookStatus":"sent","webhookCode":204,"webhookError":null,"deliveredAt":"2026-01-18T03:20:43.897Z"}
{"id":"2ebe27ebbe4a","timestamp":"2026-01-18T03:27:06.240Z","action":"workers reboot","message":"Recycling workers after change in modules/admin.js.","scope":"system","severity":"warn","actorId":null,"targetId":null,"tags":["cluster","reload"],"workerId":14764,"kind":"event","webhookStatus":"queued"}
{"id":"510880b8e93a","timestamp":"2026-01-18T03:27:06.248Z","action":"worker exit","message":"Worker 14816 exited (code unknown, signal SIGTERM).","scope":"system","severity":"error","actorId":null,"targetId":null,"tags":["cluster"],"workerId":14816,"kind":"event","webhookStatus":"queued"}
{"id":"1cd91f28137c","timestamp":"2026-01-18T03:27:06.250Z","action":"worker fork","message":"Spawned replacement worker 2 (pid 18739).","scope":"system","severity":"info","actorId":null,"targetId":null,"tags":["cluster"],"workerId":18739,"kind":"event","webhookStatus":"queued"}
{"id":"6f625d68e4f0","timestamp":"2026-01-18T03:27:06.266Z","action":"worker online","message":"Worker 2 (pid 18739) is online.","scope":"system","severity":"info","actorId":null,"targetId":null,"tags":["cluster"],"workerId":18739,"kind":"event","webhookStatus":"queued"}
{"id":"2ebe27ebbe4a","timestamp":"2026-01-18T03:27:06.240Z","action":"workers reboot","message":"Recycling workers after change in modules/admin.js.","scope":"system","severity":"warn","actorId":null,"targetId":null,"tags":["cluster","reload"],"workerId":14764,"kind":"delivery","webhookStatus":"sent","webhookCode":204,"webhookError":null,"deliveredAt":"2026-01-18T03:27:06.395Z"}
{"id":"510880b8e93a","timestamp":"2026-01-18T03:27:06.248Z","action":"worker exit","message":"Worker 14816 exited (code unknown, signal SIGTERM).","scope":"system","severity":"error","actorId":null,"targetId":null,"tags":["cluster"],"workerId":14816,"kind":"delivery","webhookStatus":"sent","webhookCode":204,"webhookError":null,"deliveredAt":"2026-01-18T03:27:06.494Z"}
{"id":"1cd91f28137c","timestamp":"2026-01-18T03:27:06.250Z","action":"worker fork","message":"Spawned replacement worker 2 (pid 18739).","scope":"system","severity":"info","actorId":null,"targetId":null,"tags":["cluster"],"workerId":18739,"kind":"delivery","webhookStatus":"sent","webhookCode":204,"webhookError":null,"deliveredAt":"2026-01-18T03:27:06.638Z"}
{"id":"6f625d68e4f0","timestamp":"2026-01-18T03:27:06.266Z","action":"worker online","message":"Worker 2 (pid 18739) is online.","scope":"system","severity":"info","actorId":null,"targetId":null,"tags":["cluster"],"workerId":18739,"kind":"delivery","webhookStatus":"sent","webhookCode":204,"webhookError":null,"deliveredAt":"2026-01-18T03:27:06.977Z"}
{"id":"6a1190a3f43c","timestamp":"2026-01-18T03:27:12.807Z","action":"workers reboot","message":"Recycling workers after change in modules/pterodactyl.js.","scope":"system","severity":"warn","actorId":null,"targetId":null,"tags":["cluster","reload"],"workerId":14764,"kind":"event","webhookStatus":"queued"}
{"id":"e609273bbe02","timestamp":"2026-01-18T03:27:12.814Z","action":"worker exit","message":"Worker 18739 exited (code unknown, signal SIGTERM).","scope":"system","severity":"error","actorId":null,"targetId":null,"tags":["cluster"],"workerId":18739,"kind":"event","webhookStatus":"queued"}
{"id":"2f25c9ee28b6","timestamp":"2026-01-18T03:27:12.815Z","action":"worker fork","message":"Spawned replacement worker 3 (pid 18865).","scope":"system","severity":"info","actorId":null,"targetId":null,"tags":["cluster"],"workerId":18865,"kind":"event","webhookStatus":"queued"}
{"id":"3bcedb6902d7","timestamp":"2026-01-18T03:27:12.832Z","action":"worker online","message":"Worker 3 (pid 18865) is online.","scope":"system","severity":"info","actorId":null,"targetId":null,"tags":["cluster"],"workerId":18865,"kind":"event","webhookStatus":"queued"}
{"id":"6a1190a3f43c","timestamp":"2026-01-18T03:27:12.807Z","action":"workers reboot","message":"Recycling workers after change in modules/pterodactyl.js.","scope":"system","severity":"warn","actorId":null,"targetId":null,"tags":["cluster","reload"],"workerId":14764,"kind":"delivery","webhookStatus":"sent","webhookCode":204,"webhookError":null,"deliveredAt":"2026-01-18T03:27:12.957Z"}
{"id":"e609273bbe02","timestamp":"2026-01-18T03:27:12.814Z","action":"worker exit","message":"Worker 18739 exited (code unknown, signal SIGTERM).","scope":"system","severity":"error","actorId":null,"targetId":null,"tags":["cluster"],"workerId":18739,"kind":"delivery","webhookStatus":"sent","webhookCode":204,"webhookError":null,"deliveredAt":"2026-01-18T03:27:13.092Z"}
{"id":"2f25c9ee28b6","timestamp":"2026-01-18T03:27:12.815Z","action":"worker fork","message":"Spawned replacement worker 3 (pid 18865).","scope":"system","severity":"info","actorId":null,"targetId":null,"tags":["cluster"],"workerId":18865,"kind":"delivery","webhookStatus":"sent","webhookCode":204,"webhookError":null,"deliveredAt":"2026-01-18T03:27:13.263Z"}
{"id":"3bcedb6902d7","timestamp":"2026-01-18T03:27:12.832Z","action":"worker online","message":"Worker 3 (pid 18865) is online.","scope":"system","severity":"info","actorId":null,"targetId":null,"tags":["cluster"],"workerId":18865,"kind":"delivery","webhookStatus":"sent","webhookCode":204,"webhookError":null,"deliveredAt":"2026-01-18T03:27:13.367Z"}
{"id":"8621ca58b363","timestamp":"2026-01-18T03:27:22.932Z","action":"workers reboot","message":"Recycling workers after change in modules/admin.js.","scope":"system","severity":"warn","actorId":null,"targetId":null,"tags":["cluster","reload"],"workerId":14764,"kind":"event","webhookStatus":"queued"}
{"id":"f7181f51fd17","timestamp":"2026-01-18T03:27:22.938Z","action":"worker exit","message":"Worker 18865 exited (code unknown, signal SIGTERM).","scope":"system","severity":"error","actorId":null,"targetId":null,"tags":["cluster"],"workerId":18865,"kind":"event","webhookStatus":"queued"}
{"id":"a34760ad1a38","timestamp":"2026-01-18T03:27:22.939Z","action":"worker fork","message":"Spawned replacement worker 4 (pid 19105).","scope":"system","severity":"info","actorId":null,"targetId":null,"tags":["cluster"],"workerId":19105,"kind":"event","webhookStatus":"queued"}
{"id":"4e0d6eaf2db2","timestamp":"2026-01-18T03:27:22.956Z","action":"worker online","message":"Worker 4 (pid 19105) is online.","scope":"system","severity":"info","actorId":null,"targetId":null,"tags":["cluster"],"workerId":19105,"kind":"event","webhookStatus":"queued"}
{"id":"8621ca58b363","timestamp":"2026-01-18T03:27:22.932Z","action":"workers reboot","message":"Recycling workers after change in modules/admin.js.","scope":"system","severity":"warn","actorId":null,"targetId":null,"tags":["cluster","reload"],"workerId":14764,"kind":"delivery","webhookStatus":"sent","webhookCode":204,"webhookError":null,"deliveredAt":"2026-01-18T03:27:23.050Z"}
{"id":"f7181f51fd17","timestamp":"2026-01-18T03:27:22.938Z","action":"worker exit","message":"Worker 18865 exited (code unknown, signal SIGTERM).","scope":"system","severity":"error","actorId":null,"targetId":null,"tags":["cluster"],"workerId":18865,"kind":"delivery","webhookStatus":"sent","webhookCode":204,"webhookError":null,"deliveredAt":"2026-01-18T03:27:23.206Z"}
{"id":"a34760ad1a38","timestamp":"2026-01-18T03:27:22.939Z","action":"worker fork","message":"Spawned replacement worker 4 (pid 19105).","scope":"system","severity":"info","actorId":null,"targetId":null,"tags":["cluster"],"workerId":19105,"kind":"delivery","webhookStatus":"sent","webhookCode":204,"webhookError":null,"deliveredAt":"2026-01-18T03:27:23.356Z"}
{"id":"4e0d6eaf2db2","timestamp":"2026-01-18T03:27:22.956Z","action":"worker online","message":"Worker 4 (pid 19105) is online.","scope":"system","severity":"info","actorId":null,"targetId":null,"tags":["cluster"],"workerId":19105,"kind":"delivery","webhookStatus":"sent","webhookCode":204,"webhookError":null,"deliveredAt":"2026-01-18T03:27:23.470Z"}
{"id":"8d2cf591c054","timestamp":"2026-01-18T03:32:45.778Z","action":"workers reboot","message":"Recycling workers after change in modules/admin.js.","scope":"system","severity":"warn","actorId":null,"targetId":null,"tags":["cluster","reload"],"workerId":14764,"kind":"event","webhookStatus":"queued"}
{"id":"5685ba98a1b0","timestamp":"2026-01-18T03:32:45.786Z","action":"worker exit","message":"Worker 19105 exited (code unknown, signal SIGTERM).","scope":"system","severity":"error","actorId":null,"targetId":null,"tags":["cluster"],"workerId":19105,"kind":"event","webhookStatus":"queued"}
{"id":"35d9ae0168a9","timestamp":"2026-01-18T03:32:45.787Z","action":"worker fork","message":"Spawned replacement worker 5 (pid 21970).","scope":"system","severity":"info","actorId":null,"targetId":null,"tags":["cluster"],"workerId":21970,"kind":"event","webhookStatus":"queued"}
{"id":"c218b0582054","timestamp":"2026-01-18T03:32:45.804Z","action":"worker online","message":"Worker 5 (pid 21970) is online.","scope":"system","severity":"info","actorId":null,"targetId":null,"tags":["cluster"],"workerId":21970,"kind":"event","webhookStatus":"queued"}
{"id":"8d2cf591c054","timestamp":"2026-01-18T03:32:45.778Z","action":"workers reboot","message":"Recycling workers after change in modules/admin.js.","scope":"system","severity":"warn","actorId":null,"targetId":null,"tags":["cluster","reload"],"workerId":14764,"kind":"delivery","webhookStatus":"sent","webhookCode":204,"webhookError":null,"deliveredAt":"2026-01-18T03:32:46.023Z"}
{"id":"5685ba98a1b0","timestamp":"2026-01-18T03:32:45.786Z","action":"worker exit","message":"Worker 19105 exited (code unknown, signal SIGTERM).","scope":"system","severity":"error","actorId":null,"targetId":null,"tags":["cluster"],"workerId":19105,"kind":"delivery","webhookStatus":"sent","webhookCode":204,"webhookError":null,"deliveredAt":"2026-01-18T03:32:46.150Z"}
{"id":"35d9ae0168a9","timestamp":"2026-01-18T03:32:45.787Z","action":"worker fork","message":"Spawned replacement worker 5 (pid 21970).","scope":"system","severity":"info","actorId":null,"targetId":null,"tags":["cluster"],"workerId":21970,"kind":"delivery","webhookStatus":"sent","webhookCode":204,"webhookError":null,"deliveredAt":"2026-01-18T03:32:46.278Z"}
{"id":"c218b0582054","timestamp":"2026-01-18T03:32:45.804Z","action":"worker online","message":"Worker 5 (pid 21970) is online.","scope":"system","severity":"info","actorId":null,"targetId":null,"tags":["cluster"],"workerId":21970,"kind":"delivery","webhookStatus":"sent","webhookCode":204,"webhookError":null,"deliveredAt":"2026-01-18T03:32:46.417Z"}
{"id":"c728705839ce","timestamp":"2026-01-18T03:40:33.136Z","action":"worker online","message":"Worker 1 (pid 28147) is online.","scope":"system","severity":"info","actorId":null,"targetId":null,"tags":["cluster"],"workerId":28147,"kind":"event","webhookStatus":"queued"}
{"id":"c728705839ce","timestamp":"2026-01-18T03:40:33.136Z","action":"worker online","message":"Worker 1 (pid 28147) is online.","scope":"system","severity":"info","actorId":null,"targetId":null,"tags":["cluster"],"workerId":28147,"kind":"delivery","webhookStatus":"sent","webhookCode":204,"webhookError":null,"deliveredAt":"2026-01-18T03:40:33.351Z"}
{"id":"21a96b00e330","timestamp":"2026-01-18T03:44:26.347Z","action":"workers reboot","message":"Recycling workers after change in config.yaml.","scope":"system","severity":"warn","actorId":null,"targetId":null,"tags":["cluster","reload"],"workerId":28078,"kind":"event","webhookStatus":"queued"}
{"id":"682a517cfdf9","timestamp":"2026-01-18T03:44:26.357Z","action":"worker exit","message":"Worker 28147 exited (code unknown, signal SIGTERM).","scope":"system","severity":"error","actorId":null,"targetId":null,"tags":["cluster"],"workerId":28147,"kind":"event","webhookStatus":"queued"}
{"id":"17c43f560df3","timestamp":"2026-01-18T03:44:26.361Z","action":"worker fork","message":"Spawned replacement worker 2 (pid 29119).","scope":"system","severity":"info","actorId":null,"targetId":null,"tags":["cluster"],"workerId":29119,"kind":"event","webhookStatus":"queued"}
{"id":"ccaaefe9eaa9","timestamp":"2026-01-18T03:44:26.377Z","action":"worker online","message":"Worker 2 (pid 29119) is online.","scope":"system","severity":"info","actorId":null,"targetId":null,"tags":["cluster"],"workerId":29119,"kind":"event","webhookStatus":"queued"}
{"id":"21a96b00e330","timestamp":"2026-01-18T03:44:26.347Z","action":"workers reboot","message":"Recycling workers after change in config.yaml.","scope":"system","severity":"warn","actorId":null,"targetId":null,"tags":["cluster","reload"],"workerId":28078,"kind":"delivery","webhookStatus":"sent","webhookCode":204,"webhookError":null,"deliveredAt":"2026-01-18T03:44:26.538Z"}
{"id":"682a517cfdf9","timestamp":"2026-01-18T03:44:26.357Z","action":"worker exit","message":"Worker 28147 exited (code unknown, signal SIGTERM).","scope":"system","severity":"error","actorId":null,"targetId":null,"tags":["cluster"],"workerId":28147,"kind":"delivery","webhookStatus":"sent","webhookCode":204,"webhookError":null,"deliveredAt":"2026-01-18T03:44:26.791Z"}
{"id":"17c43f560df3","timestamp":"2026-01-18T03:44:26.361Z","action":"worker fork","message":"Spawned replacement worker 2 (pid 29119).","scope":"system","severity":"info","actorId":null,"targetId":null,"tags":["cluster"],"workerId":29119,"kind":"delivery","webhookStatus":"sent","webhookCode":204,"webhookError":null,"deliveredAt":"2026-01-18T03:44:27.002Z"}
{"id":"ccaaefe9eaa9","timestamp":"2026-01-18T03:44:26.377Z","action":"worker online","message":"Worker 2 (pid 29119) is online.","scope":"system","severity":"info","actorId":null,"targetId":null,"tags":["cluster"],"workerId":29119,"kind":"delivery","webhookStatus":"sent","webhookCode":204,"webhookError":null,"deliveredAt":"2026-01-18T03:44:27.369Z"}
{"id":"e22f9f5ce1c6","timestamp":"2026-01-18T03:46:21.498Z","action":"workers reboot","message":"Recycling workers after change in modules/admin.js.","scope":"system","severity":"warn","actorId":null,"targetId":null,"tags":["cluster","reload"],"workerId":28078,"kind":"event","webhookStatus":"queued"}
{"id":"74fe1b6b5074","timestamp":"2026-01-18T03:46:21.505Z","action":"worker exit","message":"Worker 29119 exited (code unknown, signal SIGTERM).","scope":"system","severity":"error","actorId":null,"targetId":null,"tags":["cluster"],"workerId":29119,"kind":"event","webhookStatus":"queued"}
{"id":"5c589cba481b","timestamp":"2026-01-18T03:46:21.507Z","action":"worker fork","message":"Spawned replacement worker 3 (pid 30672).","scope":"system","severity":"info","actorId":null,"targetId":null,"tags":["cluster"],"workerId":30672,"kind":"event","webhookStatus":"queued"}
{"id":"7afb9fea4ac9","timestamp":"2026-01-18T03:46:21.523Z","action":"worker online","message":"Worker 3 (pid 30672) is online.","scope":"system","severity":"info","actorId":null,"targetId":null,"tags":["cluster"],"workerId":30672,"kind":"event","webhookStatus":"queued"}
{"id":"e22f9f5ce1c6","timestamp":"2026-01-18T03:46:21.498Z","action":"workers reboot","message":"Recycling workers after change in modules/admin.js.","scope":"system","severity":"warn","actorId":null,"targetId":null,"tags":["cluster","reload"],"workerId":28078,"kind":"delivery","webhookStatus":"sent","webhookCode":204,"webhookError":null,"deliveredAt":"2026-01-18T03:46:21.689Z"}
{"id":"74fe1b6b5074","timestamp":"2026-01-18T03:46:21.505Z","action":"worker exit","message":"Worker 29119 exited (code unknown, signal SIGTERM).","scope":"system","severity":"error","actorId":null,"targetId":null,"tags":["cluster"],"workerId":29119,"kind":"delivery","webhookStatus":"sent","webhookCode":204,"webhookError":null,"deliveredAt":"2026-01-18T03:46:21.922Z"}
{"id":"5c589cba481b","timestamp":"2026-01-18T03:46:21.507Z","action":"worker fork","message":"Spawned replacement worker 3 (pid 30672).","scope":"system","severity":"info","actorId":null,"targetId":null,"tags":["cluster"],"workerId":30672,"kind":"delivery","webhookStatus":"sent","webhookCode":204,"webhookError":null,"deliveredAt":"2026-01-18T03:46:22.115Z"}
{"id":"7afb9fea4ac9","timestamp":"2026-01-18T03:46:21.523Z","action":"worker online","message":"Worker 3 (pid 30672) is online.","scope":"system","severity":"info","actorId":null,"targetId":null,"tags":["cluster"],"workerId":30672,"kind":"delivery","webhookStatus":"sent","webhookCode":204,"webhookError":null,"deliveredAt":"2026-01-18T03:46:22.295Z"}
{"id":"92f58622648f","timestamp":"2026-01-18T03:51:36.657Z","action":"workers reboot","message":"Recycling workers after change in modules/admin.js.","scope":"system","severity":"warn","actorId":null,"targetId":null,"tags":["cluster","reload"],"workerId":28078,"kind":"event","webhookStatus":"queued"}
{"id":"2a841ff5179e","timestamp":"2026-01-18T03:51:36.666Z","action":"worker exit","message":"Worker 30672 exited (code unknown, signal SIGTERM).","scope":"system","severity":"error","actorId":null,"targetId":null,"tags":["cluster"],"workerId":30672,"kind":"event","webhookStatus":"queued"}
{"id":"524c15db7d0c","timestamp":"2026-01-18T03:51:36.668Z","action":"worker fork","message":"Spawned replacement worker 4 (pid 1107).","scope":"system","severity":"info","actorId":null,"targetId":null,"tags":["cluster"],"workerId":1107,"kind":"event","webhookStatus":"queued"}
{"id":"3a62b3801626","timestamp":"2026-01-18T03:51:36.686Z","action":"worker online","message":"Worker 4 (pid 1107) is online.","scope":"system","severity":"info","actorId":null,"targetId":null,"tags":["cluster"],"workerId":1107,"kind":"event","webhookStatus":"queued"}
{"id":"92f58622648f","timestamp":"2026-01-18T03:51:36.657Z","action":"workers reboot","message":"Recycling workers after change in modules/admin.js.","scope":"system","severity":"warn","actorId":null,"targetId":null,"tags":["cluster","reload"],"workerId":28078,"kind":"delivery","webhookStatus":"sent","webhookCode":204,"webhookError":null,"deliveredAt":"2026-01-18T03:51:36.854Z"}
{"id":"2a841ff5179e","timestamp":"2026-01-18T03:51:36.666Z","action":"worker exit","message":"Worker 30672 exited (code unknown, signal SIGTERM).","scope":"system","severity":"error","actorId":null,"targetId":null,"tags":["cluster"],"workerId":30672,"kind":"delivery","webhookStatus":"sent","webhookCode":204,"webhookError":null,"deliveredAt":"2026-01-18T03:51:37.064Z"}
{"id":"524c15db7d0c","timestamp":"2026-01-18T03:51:36.668Z","action":"worker fork","message":"Spawned replacement worker 4 (pid 1107).","scope":"system","severity":"info","actorId":null,"targetId":null,"tags":["cluster"],"workerId":1107,"kind":"delivery","webhookStatus":"sent","webhookCode":204,"webhookError":null,"deliveredAt":"2026-01-18T03:51:37.259Z"}
{"id":"3a62b3801626","timestamp":"2026-01-18T03:51:36.686Z","action":"worker online","message":"Worker 4 (pid 1107) is online.","scope":"system","severity":"info","actorId":null,"targetId":null,"tags":["cluster"],"workerId":1107,"kind":"delivery","webhookStatus":"sent","webhookCode":204,"webhookError":null,"deliveredAt":"2026-01-18T03:51:37.398Z"}
{"id":"65d71bc8bb42","timestamp":"2026-01-18T03:53:24.500Z","action":"workers reboot","message":"Recycling workers after change in modules/store.js.","scope":"system","severity":"warn","actorId":null,"targetId":null,"tags":["cluster","reload"],"workerId":28078,"kind":"event","webhookStatus":"skipped"}
{"id":"2fb16b9afaa7","timestamp":"2026-01-18T03:53:24.507Z","action":"worker exit","message":"Worker 1107 exited (code unknown, signal SIGTERM).","scope":"system","severity":"error","actorId":null,"targetId":null,"tags":["cluster"],"workerId":1107,"kind":"event","webhookStatus":"skipped"}
{"id":"6ef93bcc0cd5","timestamp":"2026-01-18T03:53:24.509Z","action":"worker fork","message":"Spawned replacement worker 5 (pid 2231).","scope":"system","severity":"info","actorId":null,"targetId":null,"tags":["cluster"],"workerId":2231,"kind":"event","webhookStatus":"skipped"}
{"id":"5285c8e7bb8c","timestamp":"2026-01-18T03:53:24.526Z","action":"worker online","message":"Worker 5 (pid 2231) is online.","scope":"system","severity":"info","actorId":null,"targetId":null,"tags":["cluster"],"workerId":2231,"kind":"event","webhookStatus":"skipped"}
{"id":"dc9e63c2f0e5","timestamp":"2026-01-18T03:53:33.057Z","action":"workers reboot","message":"Recycling workers after change in modules/store.js.","scope":"system","severity":"warn","actorId":null,"targetId":null,"tags":["cluster","reload"],"workerId":28078,"kind":"event","webhookStatus":"skipped"}
{"id":"ad376d331f6d","timestamp":"2026-01-18T03:53:33.063Z","action":"worker exit","message":"Worker 2231 exited (code unknown, signal SIGTERM).","scope":"system","severity":"error","actorId":null,"targetId":null,"tags":["cluster"],"workerId":2231,"kind":"event","webhookStatus":"skipped"}
{"id":"05f438b814e6","timestamp":"2026-01-18T03:53:33.064Z","action":"worker fork","message":"Spawned replacement worker 6 (pid 2399).","scope":"system","severity":"info","actorId":null,"targetId":null,"tags":["cluster"],"workerId":2399,"kind":"event","webhookStatus":"skipped"}
{"id":"a73c634c6f71","timestamp":"2026-01-18T03:53:33.080Z","action":"worker online","message":"Worker 6 (pid 2399) is online.","scope":"system","severity":"info","actorId":null,"targetId":null,"tags":["cluster"],"workerId":2399,"kind":"event","webhookStatus":"skipped"}
